DEBUG:urllib3.connectionpool:Starting new HTTPS connection (1): newsapi.org:443
DEBUG:urllib3.connectionpool:https://newsapi.org:443 "GET /v2/top-headlines?country=gb&apiKey=43724389a63c42d082df1a82017ad973 HTTP/1.1" 200 None
DEBUG:urllib3.connectionpool:Starting new HTTPS connection (1): newsapi.org:443
DEBUG:urllib3.connectionpool:https://newsapi.org:443 "GET /v2/top-headlines?country=gb&apiKey=43724389a63c42d082df1a82017ad973 HTTP/1.1" 200 None
INFO:werkzeug: * Running on http://127.0.0.1:5000/ (Press CTRL+C to quit)
2021-12-15 22:20:02,504:INFO:config file data accessible
2021-12-15 22:20:02,514:DEBUG:Starting new HTTPS connection (1): newsapi.org:443
2021-12-15 22:20:02,772:DEBUG:https://newsapi.org:443 "GET /v2/top-headlines?country=gb&apiKey=43724389a63c42d082df1a82017ad973 HTTP/1.1" 200 None
2021-12-15 22:20:02,780:DEBUG:Starting new HTTPS connection (1): newsapi.org:443
2021-12-15 22:20:03,278:DEBUG:https://newsapi.org:443 "GET /v2/top-headlines?country=gb&apiKey=43724389a63c42d082df1a82017ad973 HTTP/1.1" 200 None
2021-12-15 22:20:03,290:INFO: * Running on http://127.0.0.1:5000/ (Press CTRL+C to quit)
2021-12-15 22:20:17,419:DEBUG:Starting new HTTPS connection (1): api.coronavirus.data.gov.uk:443
2021-12-15 22:20:17,721:DEBUG:https://api.coronavirus.data.gov.uk:443 "GET /v1/data?filters=areaType%3DNation%3BareaName%3DEngland&structure=%7B%22areaCode%22%3A%22areaCode%22%2C%22areaName%22%3A%22areaName%22%2C%22date%22%3A%22date%22%2C%22newCasesBySpecimenDate%22%3A%22newCasesBySpecimenDate%22%2C%22hospitalCases%22%3A%22hospitalCases%22%2C%22cumDailyNsoDeathsByDeathDate%22%3A%22cumDailyNsoDeathsByDeathDate%22%7D&format=json&page=1 HTTP/1.1" 200 None
2021-12-15 22:20:17,734:DEBUG:Starting new HTTPS connection (1): api.coronavirus.data.gov.uk:443
2021-12-15 22:20:17,930:DEBUG:https://api.coronavirus.data.gov.uk:443 "GET /v1/data?filters=areaType%3DNation%3BareaName%3DEngland&structure=%7B%22areaCode%22%3A%22areaCode%22%2C%22areaName%22%3A%22areaName%22%2C%22date%22%3A%22date%22%2C%22newCasesBySpecimenDate%22%3A%22newCasesBySpecimenDate%22%2C%22hospitalCases%22%3A%22hospitalCases%22%2C%22cumDailyNsoDeathsByDeathDate%22%3A%22cumDailyNsoDeathsByDeathDate%22%7D&format=json&page=2 HTTP/1.1" 204 0
2021-12-15 22:20:17,948:DEBUG:Starting new HTTPS connection (1): api.coronavirus.data.gov.uk:443
2021-12-15 22:20:18,179:DEBUG:https://api.coronavirus.data.gov.uk:443 "GET /v1/data?filters=areaType%3Dltla%3BareaName%3DExeter&structure=%7B%22areaCode%22%3A%22areaCode%22%2C%22areaName%22%3A%22areaName%22%2C%22date%22%3A%22date%22%2C%22newCasesBySpecimenDate%22%3A%22newCasesBySpecimenDate%22%2C%22hospitalCases%22%3A%22hospitalCases%22%2C%22cumDailyNsoDeathsByDeathDate%22%3A%22cumDailyNsoDeathsByDeathDate%22%7D&format=json&page=1 HTTP/1.1" 200 None
2021-12-15 22:20:18,191:DEBUG:Starting new HTTPS connection (1): api.coronavirus.data.gov.uk:443
2021-12-15 22:20:18,431:DEBUG:https://api.coronavirus.data.gov.uk:443 "GET /v1/data?filters=areaType%3Dltla%3BareaName%3DExeter&structure=%7B%22areaCode%22%3A%22areaCode%22%2C%22areaName%22%3A%22areaName%22%2C%22date%22%3A%22date%22%2C%22newCasesBySpecimenDate%22%3A%22newCasesBySpecimenDate%22%2C%22hospitalCases%22%3A%22hospitalCases%22%2C%22cumDailyNsoDeathsByDeathDate%22%3A%22cumDailyNsoDeathsByDeathDate%22%7D&format=json&page=2 HTTP/1.1" 204 0
2021-12-15 22:20:18,459:INFO:127.0.0.1 - - [15/Dec/2021 22:20:18] "GET /index HTTP/1.1" 200 -
2021-12-15 22:20:19,466:DEBUG:Starting new HTTPS connection (1): api.coronavirus.data.gov.uk:443
2021-12-15 22:20:19,572:DEBUG:https://api.coronavirus.data.gov.uk:443 "GET /v1/data?filters=areaType%3DNation%3BareaName%3DEngland&structure=%7B%22areaCode%22%3A%22areaCode%22%2C%22areaName%22%3A%22areaName%22%2C%22date%22%3A%22date%22%2C%22newCasesBySpecimenDate%22%3A%22newCasesBySpecimenDate%22%2C%22hospitalCases%22%3A%22hospitalCases%22%2C%22cumDailyNsoDeathsByDeathDate%22%3A%22cumDailyNsoDeathsByDeathDate%22%7D&format=json&page=1 HTTP/1.1" 200 None
2021-12-15 22:20:19,587:DEBUG:Starting new HTTPS connection (1): api.coronavirus.data.gov.uk:443
2021-12-15 22:20:19,698:DEBUG:https://api.coronavirus.data.gov.uk:443 "GET /v1/data?filters=areaType%3DNation%3BareaName%3DEngland&structure=%7B%22areaCode%22%3A%22areaCode%22%2C%22areaName%22%3A%22areaName%22%2C%22date%22%3A%22date%22%2C%22newCasesBySpecimenDate%22%3A%22newCasesBySpecimenDate%22%2C%22hospitalCases%22%3A%22hospitalCases%22%2C%22cumDailyNsoDeathsByDeathDate%22%3A%22cumDailyNsoDeathsByDeathDate%22%7D&format=json&page=2 HTTP/1.1" 204 0
2021-12-15 22:20:19,710:DEBUG:Starting new HTTPS connection (1): api.coronavirus.data.gov.uk:443
2021-12-15 22:20:19,818:DEBUG:https://api.coronavirus.data.gov.uk:443 "GET /v1/data?filters=areaType%3Dltla%3BareaName%3DExeter&structure=%7B%22areaCode%22%3A%22areaCode%22%2C%22areaName%22%3A%22areaName%22%2C%22date%22%3A%22date%22%2C%22newCasesBySpecimenDate%22%3A%22newCasesBySpecimenDate%22%2C%22hospitalCases%22%3A%22hospitalCases%22%2C%22cumDailyNsoDeathsByDeathDate%22%3A%22cumDailyNsoDeathsByDeathDate%22%7D&format=json&page=1 HTTP/1.1" 200 None
2021-12-15 22:20:19,828:DEBUG:Starting new HTTPS connection (1): api.coronavirus.data.gov.uk:443
2021-12-15 22:20:19,929:DEBUG:https://api.coronavirus.data.gov.uk:443 "GET /v1/data?filters=areaType%3Dltla%3BareaName%3DExeter&structure=%7B%22areaCode%22%3A%22areaCode%22%2C%22areaName%22%3A%22areaName%22%2C%22date%22%3A%22date%22%2C%22newCasesBySpecimenDate%22%3A%22newCasesBySpecimenDate%22%2C%22hospitalCases%22%3A%22hospitalCases%22%2C%22cumDailyNsoDeathsByDeathDate%22%3A%22cumDailyNsoDeathsByDeathDate%22%7D&format=json&page=2 HTTP/1.1" 204 0
2021-12-15 22:20:19,933:INFO:127.0.0.1 - - [15/Dec/2021 22:20:19] "GET /index HTTP/1.1" 200 -
2021-12-15 22:20:19,984:INFO:127.0.0.1 - - [15/Dec/2021 22:20:19] "[36mGET /static/images/covidPic.jpg HTTP/1.1[0m" 304 -
2021-12-15 22:21:20,345:DEBUG:Starting new HTTPS connection (1): api.coronavirus.data.gov.uk:443
2021-12-15 22:21:20,491:DEBUG:https://api.coronavirus.data.gov.uk:443 "GET /v1/data?filters=areaType%3DNation%3BareaName%3DEngland&structure=%7B%22areaCode%22%3A%22areaCode%22%2C%22areaName%22%3A%22areaName%22%2C%22date%22%3A%22date%22%2C%22newCasesBySpecimenDate%22%3A%22newCasesBySpecimenDate%22%2C%22hospitalCases%22%3A%22hospitalCases%22%2C%22cumDailyNsoDeathsByDeathDate%22%3A%22cumDailyNsoDeathsByDeathDate%22%7D&format=json&page=1 HTTP/1.1" 200 None
2021-12-15 22:21:20,502:DEBUG:Starting new HTTPS connection (1): api.coronavirus.data.gov.uk:443
2021-12-15 22:21:20,606:DEBUG:https://api.coronavirus.data.gov.uk:443 "GET /v1/data?filters=areaType%3DNation%3BareaName%3DEngland&structure=%7B%22areaCode%22%3A%22areaCode%22%2C%22areaName%22%3A%22areaName%22%2C%22date%22%3A%22date%22%2C%22newCasesBySpecimenDate%22%3A%22newCasesBySpecimenDate%22%2C%22hospitalCases%22%3A%22hospitalCases%22%2C%22cumDailyNsoDeathsByDeathDate%22%3A%22cumDailyNsoDeathsByDeathDate%22%7D&format=json&page=2 HTTP/1.1" 204 0
2021-12-15 22:21:20,619:DEBUG:Starting new HTTPS connection (1): api.coronavirus.data.gov.uk:443
2021-12-15 22:21:20,720:DEBUG:https://api.coronavirus.data.gov.uk:443 "GET /v1/data?filters=areaType%3Dltla%3BareaName%3DExeter&structure=%7B%22areaCode%22%3A%22areaCode%22%2C%22areaName%22%3A%22areaName%22%2C%22date%22%3A%22date%22%2C%22newCasesBySpecimenDate%22%3A%22newCasesBySpecimenDate%22%2C%22hospitalCases%22%3A%22hospitalCases%22%2C%22cumDailyNsoDeathsByDeathDate%22%3A%22cumDailyNsoDeathsByDeathDate%22%7D&format=json&page=1 HTTP/1.1" 200 None
2021-12-15 22:21:20,731:DEBUG:Starting new HTTPS connection (1): api.coronavirus.data.gov.uk:443
2021-12-15 22:21:20,846:DEBUG:https://api.coronavirus.data.gov.uk:443 "GET /v1/data?filters=areaType%3Dltla%3BareaName%3DExeter&structure=%7B%22areaCode%22%3A%22areaCode%22%2C%22areaName%22%3A%22areaName%22%2C%22date%22%3A%22date%22%2C%22newCasesBySpecimenDate%22%3A%22newCasesBySpecimenDate%22%2C%22hospitalCases%22%3A%22hospitalCases%22%2C%22cumDailyNsoDeathsByDeathDate%22%3A%22cumDailyNsoDeathsByDeathDate%22%7D&format=json&page=2 HTTP/1.1" 204 0
2021-12-15 22:21:20,851:INFO:127.0.0.1 - - [15/Dec/2021 22:21:20] "GET /index HTTP/1.1" 200 -
2021-12-15 22:21:20,884:INFO:127.0.0.1 - - [15/Dec/2021 22:21:20] "[36mGET /static/images/covidPic.jpg HTTP/1.1[0m" 304 -
2021-12-15 22:22:20,938:DEBUG:Starting new HTTPS connection (1): api.coronavirus.data.gov.uk:443
2021-12-15 22:22:21,278:DEBUG:https://api.coronavirus.data.gov.uk:443 "GET /v1/data?filters=areaType%3DNation%3BareaName%3DEngland&structure=%7B%22areaCode%22%3A%22areaCode%22%2C%22areaName%22%3A%22areaName%22%2C%22date%22%3A%22date%22%2C%22newCasesBySpecimenDate%22%3A%22newCasesBySpecimenDate%22%2C%22hospitalCases%22%3A%22hospitalCases%22%2C%22cumDailyNsoDeathsByDeathDate%22%3A%22cumDailyNsoDeathsByDeathDate%22%7D&format=json&page=1 HTTP/1.1" 200 None
2021-12-15 22:22:21,288:DEBUG:Starting new HTTPS connection (1): api.coronavirus.data.gov.uk:443
2021-12-15 22:22:21,581:DEBUG:https://api.coronavirus.data.gov.uk:443 "GET /v1/data?filters=areaType%3DNation%3BareaName%3DEngland&structure=%7B%22areaCode%22%3A%22areaCode%22%2C%22areaName%22%3A%22areaName%22%2C%22date%22%3A%22date%22%2C%22newCasesBySpecimenDate%22%3A%22newCasesBySpecimenDate%22%2C%22hospitalCases%22%3A%22hospitalCases%22%2C%22cumDailyNsoDeathsByDeathDate%22%3A%22cumDailyNsoDeathsByDeathDate%22%7D&format=json&page=2 HTTP/1.1" 204 0
2021-12-15 22:22:21,590:DEBUG:Starting new HTTPS connection (1): api.coronavirus.data.gov.uk:443
2021-12-15 22:22:21,880:DEBUG:https://api.coronavirus.data.gov.uk:443 "GET /v1/data?filters=areaType%3Dltla%3BareaName%3DExeter&structure=%7B%22areaCode%22%3A%22areaCode%22%2C%22areaName%22%3A%22areaName%22%2C%22date%22%3A%22date%22%2C%22newCasesBySpecimenDate%22%3A%22newCasesBySpecimenDate%22%2C%22hospitalCases%22%3A%22hospitalCases%22%2C%22cumDailyNsoDeathsByDeathDate%22%3A%22cumDailyNsoDeathsByDeathDate%22%7D&format=json&page=1 HTTP/1.1" 200 None
2021-12-15 22:22:21,890:DEBUG:Starting new HTTPS connection (1): api.coronavirus.data.gov.uk:443
2021-12-15 22:22:22,144:DEBUG:https://api.coronavirus.data.gov.uk:443 "GET /v1/data?filters=areaType%3Dltla%3BareaName%3DExeter&structure=%7B%22areaCode%22%3A%22areaCode%22%2C%22areaName%22%3A%22areaName%22%2C%22date%22%3A%22date%22%2C%22newCasesBySpecimenDate%22%3A%22newCasesBySpecimenDate%22%2C%22hospitalCases%22%3A%22hospitalCases%22%2C%22cumDailyNsoDeathsByDeathDate%22%3A%22cumDailyNsoDeathsByDeathDate%22%7D&format=json&page=2 HTTP/1.1" 204 0
2021-12-15 22:22:22,149:INFO:127.0.0.1 - - [15/Dec/2021 22:22:22] "GET /index HTTP/1.1" 200 -
2021-12-15 22:22:22,178:INFO:127.0.0.1 - - [15/Dec/2021 22:22:22] "[36mGET /static/images/covidPic.jpg HTTP/1.1[0m" 304 -
2021-12-15 22:23:22,227:DEBUG:Starting new HTTPS connection (1): api.coronavirus.data.gov.uk:443
2021-12-15 22:23:22,379:DEBUG:https://api.coronavirus.data.gov.uk:443 "GET /v1/data?filters=areaType%3DNation%3BareaName%3DEngland&structure=%7B%22areaCode%22%3A%22areaCode%22%2C%22areaName%22%3A%22areaName%22%2C%22date%22%3A%22date%22%2C%22newCasesBySpecimenDate%22%3A%22newCasesBySpecimenDate%22%2C%22hospitalCases%22%3A%22hospitalCases%22%2C%22cumDailyNsoDeathsByDeathDate%22%3A%22cumDailyNsoDeathsByDeathDate%22%7D&format=json&page=1 HTTP/1.1" 200 None
2021-12-15 22:23:22,390:DEBUG:Starting new HTTPS connection (1): api.coronavirus.data.gov.uk:443
2021-12-15 22:23:22,497:DEBUG:https://api.coronavirus.data.gov.uk:443 "GET /v1/data?filters=areaType%3DNation%3BareaName%3DEngland&structure=%7B%22areaCode%22%3A%22areaCode%22%2C%22areaName%22%3A%22areaName%22%2C%22date%22%3A%22date%22%2C%22newCasesBySpecimenDate%22%3A%22newCasesBySpecimenDate%22%2C%22hospitalCases%22%3A%22hospitalCases%22%2C%22cumDailyNsoDeathsByDeathDate%22%3A%22cumDailyNsoDeathsByDeathDate%22%7D&format=json&page=2 HTTP/1.1" 204 0
2021-12-15 22:23:22,507:DEBUG:Starting new HTTPS connection (1): api.coronavirus.data.gov.uk:443
2021-12-15 22:23:22,607:DEBUG:https://api.coronavirus.data.gov.uk:443 "GET /v1/data?filters=areaType%3Dltla%3BareaName%3DExeter&structure=%7B%22areaCode%22%3A%22areaCode%22%2C%22areaName%22%3A%22areaName%22%2C%22date%22%3A%22date%22%2C%22newCasesBySpecimenDate%22%3A%22newCasesBySpecimenDate%22%2C%22hospitalCases%22%3A%22hospitalCases%22%2C%22cumDailyNsoDeathsByDeathDate%22%3A%22cumDailyNsoDeathsByDeathDate%22%7D&format=json&page=1 HTTP/1.1" 200 None
2021-12-15 22:23:22,620:DEBUG:Starting new HTTPS connection (1): api.coronavirus.data.gov.uk:443
2021-12-15 22:23:22,723:DEBUG:https://api.coronavirus.data.gov.uk:443 "GET /v1/data?filters=areaType%3Dltla%3BareaName%3DExeter&structure=%7B%22areaCode%22%3A%22areaCode%22%2C%22areaName%22%3A%22areaName%22%2C%22date%22%3A%22date%22%2C%22newCasesBySpecimenDate%22%3A%22newCasesBySpecimenDate%22%2C%22hospitalCases%22%3A%22hospitalCases%22%2C%22cumDailyNsoDeathsByDeathDate%22%3A%22cumDailyNsoDeathsByDeathDate%22%7D&format=json&page=2 HTTP/1.1" 204 0
2021-12-15 22:23:22,727:INFO:127.0.0.1 - - [15/Dec/2021 22:23:22] "GET /index HTTP/1.1" 200 -
2021-12-15 22:23:22,757:INFO:127.0.0.1 - - [15/Dec/2021 22:23:22] "[36mGET /static/images/covidPic.jpg HTTP/1.1[0m" 304 -
2021-12-15 22:24:22,808:DEBUG:Starting new HTTPS connection (1): api.coronavirus.data.gov.uk:443
2021-12-15 22:24:23,108:DEBUG:https://api.coronavirus.data.gov.uk:443 "GET /v1/data?filters=areaType%3DNation%3BareaName%3DEngland&structure=%7B%22areaCode%22%3A%22areaCode%22%2C%22areaName%22%3A%22areaName%22%2C%22date%22%3A%22date%22%2C%22newCasesBySpecimenDate%22%3A%22newCasesBySpecimenDate%22%2C%22hospitalCases%22%3A%22hospitalCases%22%2C%22cumDailyNsoDeathsByDeathDate%22%3A%22cumDailyNsoDeathsByDeathDate%22%7D&format=json&page=1 HTTP/1.1" 200 None
2021-12-15 22:24:23,120:DEBUG:Starting new HTTPS connection (1): api.coronavirus.data.gov.uk:443
2021-12-15 22:24:23,332:DEBUG:https://api.coronavirus.data.gov.uk:443 "GET /v1/data?filters=areaType%3DNation%3BareaName%3DEngland&structure=%7B%22areaCode%22%3A%22areaCode%22%2C%22areaName%22%3A%22areaName%22%2C%22date%22%3A%22date%22%2C%22newCasesBySpecimenDate%22%3A%22newCasesBySpecimenDate%22%2C%22hospitalCases%22%3A%22hospitalCases%22%2C%22cumDailyNsoDeathsByDeathDate%22%3A%22cumDailyNsoDeathsByDeathDate%22%7D&format=json&page=2 HTTP/1.1" 204 0
2021-12-15 22:24:23,341:DEBUG:Starting new HTTPS connection (1): api.coronavirus.data.gov.uk:443
2021-12-15 22:24:23,653:DEBUG:https://api.coronavirus.data.gov.uk:443 "GET /v1/data?filters=areaType%3Dltla%3BareaName%3DExeter&structure=%7B%22areaCode%22%3A%22areaCode%22%2C%22areaName%22%3A%22areaName%22%2C%22date%22%3A%22date%22%2C%22newCasesBySpecimenDate%22%3A%22newCasesBySpecimenDate%22%2C%22hospitalCases%22%3A%22hospitalCases%22%2C%22cumDailyNsoDeathsByDeathDate%22%3A%22cumDailyNsoDeathsByDeathDate%22%7D&format=json&page=1 HTTP/1.1" 200 None
2021-12-15 22:24:23,668:DEBUG:Starting new HTTPS connection (1): api.coronavirus.data.gov.uk:443
2021-12-15 22:24:23,923:DEBUG:https://api.coronavirus.data.gov.uk:443 "GET /v1/data?filters=areaType%3Dltla%3BareaName%3DExeter&structure=%7B%22areaCode%22%3A%22areaCode%22%2C%22areaName%22%3A%22areaName%22%2C%22date%22%3A%22date%22%2C%22newCasesBySpecimenDate%22%3A%22newCasesBySpecimenDate%22%2C%22hospitalCases%22%3A%22hospitalCases%22%2C%22cumDailyNsoDeathsByDeathDate%22%3A%22cumDailyNsoDeathsByDeathDate%22%7D&format=json&page=2 HTTP/1.1" 204 0
2021-12-15 22:24:23,927:INFO:127.0.0.1 - - [15/Dec/2021 22:24:23] "GET /index HTTP/1.1" 200 -
2021-12-15 22:24:23,957:INFO:127.0.0.1 - - [15/Dec/2021 22:24:23] "[36mGET /static/images/covidPic.jpg HTTP/1.1[0m" 304 -
2021-12-15 22:25:23,994:DEBUG:Starting new HTTPS connection (1): api.coronavirus.data.gov.uk:443
2021-12-15 22:25:24,127:DEBUG:https://api.coronavirus.data.gov.uk:443 "GET /v1/data?filters=areaType%3DNation%3BareaName%3DEngland&structure=%7B%22areaCode%22%3A%22areaCode%22%2C%22areaName%22%3A%22areaName%22%2C%22date%22%3A%22date%22%2C%22newCasesBySpecimenDate%22%3A%22newCasesBySpecimenDate%22%2C%22hospitalCases%22%3A%22hospitalCases%22%2C%22cumDailyNsoDeathsByDeathDate%22%3A%22cumDailyNsoDeathsByDeathDate%22%7D&format=json&page=1 HTTP/1.1" 200 None
2021-12-15 22:25:24,138:DEBUG:Starting new HTTPS connection (1): api.coronavirus.data.gov.uk:443
2021-12-15 22:25:24,260:DEBUG:https://api.coronavirus.data.gov.uk:443 "GET /v1/data?filters=areaType%3DNation%3BareaName%3DEngland&structure=%7B%22areaCode%22%3A%22areaCode%22%2C%22areaName%22%3A%22areaName%22%2C%22date%22%3A%22date%22%2C%22newCasesBySpecimenDate%22%3A%22newCasesBySpecimenDate%22%2C%22hospitalCases%22%3A%22hospitalCases%22%2C%22cumDailyNsoDeathsByDeathDate%22%3A%22cumDailyNsoDeathsByDeathDate%22%7D&format=json&page=2 HTTP/1.1" 204 0
2021-12-15 22:25:24,268:DEBUG:Starting new HTTPS connection (1): api.coronavirus.data.gov.uk:443
2021-12-15 22:25:24,375:DEBUG:https://api.coronavirus.data.gov.uk:443 "GET /v1/data?filters=areaType%3Dltla%3BareaName%3DExeter&structure=%7B%22areaCode%22%3A%22areaCode%22%2C%22areaName%22%3A%22areaName%22%2C%22date%22%3A%22date%22%2C%22newCasesBySpecimenDate%22%3A%22newCasesBySpecimenDate%22%2C%22hospitalCases%22%3A%22hospitalCases%22%2C%22cumDailyNsoDeathsByDeathDate%22%3A%22cumDailyNsoDeathsByDeathDate%22%7D&format=json&page=1 HTTP/1.1" 200 None
2021-12-15 22:25:24,389:DEBUG:Starting new HTTPS connection (1): api.coronavirus.data.gov.uk:443
2021-12-15 22:25:24,503:DEBUG:https://api.coronavirus.data.gov.uk:443 "GET /v1/data?filters=areaType%3Dltla%3BareaName%3DExeter&structure=%7B%22areaCode%22%3A%22areaCode%22%2C%22areaName%22%3A%22areaName%22%2C%22date%22%3A%22date%22%2C%22newCasesBySpecimenDate%22%3A%22newCasesBySpecimenDate%22%2C%22hospitalCases%22%3A%22hospitalCases%22%2C%22cumDailyNsoDeathsByDeathDate%22%3A%22cumDailyNsoDeathsByDeathDate%22%7D&format=json&page=2 HTTP/1.1" 204 0
2021-12-15 22:25:24,507:INFO:127.0.0.1 - - [15/Dec/2021 22:25:24] "GET /index HTTP/1.1" 200 -
2021-12-15 22:25:24,541:INFO:127.0.0.1 - - [15/Dec/2021 22:25:24] "[36mGET /static/images/covidPic.jpg HTTP/1.1[0m" 304 -
2021-12-15 22:26:24,586:DEBUG:Starting new HTTPS connection (1): api.coronavirus.data.gov.uk:443
2021-12-15 22:26:24,893:DEBUG:https://api.coronavirus.data.gov.uk:443 "GET /v1/data?filters=areaType%3DNation%3BareaName%3DEngland&structure=%7B%22areaCode%22%3A%22areaCode%22%2C%22areaName%22%3A%22areaName%22%2C%22date%22%3A%22date%22%2C%22newCasesBySpecimenDate%22%3A%22newCasesBySpecimenDate%22%2C%22hospitalCases%22%3A%22hospitalCases%22%2C%22cumDailyNsoDeathsByDeathDate%22%3A%22cumDailyNsoDeathsByDeathDate%22%7D&format=json&page=1 HTTP/1.1" 200 None
2021-12-15 22:26:24,905:DEBUG:Starting new HTTPS connection (1): api.coronavirus.data.gov.uk:443
2021-12-15 22:26:25,197:DEBUG:https://api.coronavirus.data.gov.uk:443 "GET /v1/data?filters=areaType%3DNation%3BareaName%3DEngland&structure=%7B%22areaCode%22%3A%22areaCode%22%2C%22areaName%22%3A%22areaName%22%2C%22date%22%3A%22date%22%2C%22newCasesBySpecimenDate%22%3A%22newCasesBySpecimenDate%22%2C%22hospitalCases%22%3A%22hospitalCases%22%2C%22cumDailyNsoDeathsByDeathDate%22%3A%22cumDailyNsoDeathsByDeathDate%22%7D&format=json&page=2 HTTP/1.1" 204 0
2021-12-15 22:26:25,211:DEBUG:Starting new HTTPS connection (1): api.coronavirus.data.gov.uk:443
2021-12-15 22:26:25,453:DEBUG:https://api.coronavirus.data.gov.uk:443 "GET /v1/data?filters=areaType%3Dltla%3BareaName%3DExeter&structure=%7B%22areaCode%22%3A%22areaCode%22%2C%22areaName%22%3A%22areaName%22%2C%22date%22%3A%22date%22%2C%22newCasesBySpecimenDate%22%3A%22newCasesBySpecimenDate%22%2C%22hospitalCases%22%3A%22hospitalCases%22%2C%22cumDailyNsoDeathsByDeathDate%22%3A%22cumDailyNsoDeathsByDeathDate%22%7D&format=json&page=1 HTTP/1.1" 200 None
2021-12-15 22:26:25,463:DEBUG:Starting new HTTPS connection (1): api.coronavirus.data.gov.uk:443
2021-12-15 22:26:25,721:DEBUG:https://api.coronavirus.data.gov.uk:443 "GET /v1/data?filters=areaType%3Dltla%3BareaName%3DExeter&structure=%7B%22areaCode%22%3A%22areaCode%22%2C%22areaName%22%3A%22areaName%22%2C%22date%22%3A%22date%22%2C%22newCasesBySpecimenDate%22%3A%22newCasesBySpecimenDate%22%2C%22hospitalCases%22%3A%22hospitalCases%22%2C%22cumDailyNsoDeathsByDeathDate%22%3A%22cumDailyNsoDeathsByDeathDate%22%7D&format=json&page=2 HTTP/1.1" 204 0
2021-12-15 22:26:25,725:INFO:127.0.0.1 - - [15/Dec/2021 22:26:25] "GET /index HTTP/1.1" 200 -
2021-12-15 22:26:25,755:INFO:127.0.0.1 - - [15/Dec/2021 22:26:25] "[36mGET /static/images/covidPic.jpg HTTP/1.1[0m" 304 -
2021-12-15 22:27:25,799:DEBUG:Starting new HTTPS connection (1): api.coronavirus.data.gov.uk:443
2021-12-15 22:27:25,925:DEBUG:https://api.coronavirus.data.gov.uk:443 "GET /v1/data?filters=areaType%3DNation%3BareaName%3DEngland&structure=%7B%22areaCode%22%3A%22areaCode%22%2C%22areaName%22%3A%22areaName%22%2C%22date%22%3A%22date%22%2C%22newCasesBySpecimenDate%22%3A%22newCasesBySpecimenDate%22%2C%22hospitalCases%22%3A%22hospitalCases%22%2C%22cumDailyNsoDeathsByDeathDate%22%3A%22cumDailyNsoDeathsByDeathDate%22%7D&format=json&page=1 HTTP/1.1" 200 None
2021-12-15 22:27:25,935:DEBUG:Starting new HTTPS connection (1): api.coronavirus.data.gov.uk:443
2021-12-15 22:27:26,037:DEBUG:https://api.coronavirus.data.gov.uk:443 "GET /v1/data?filters=areaType%3DNation%3BareaName%3DEngland&structure=%7B%22areaCode%22%3A%22areaCode%22%2C%22areaName%22%3A%22areaName%22%2C%22date%22%3A%22date%22%2C%22newCasesBySpecimenDate%22%3A%22newCasesBySpecimenDate%22%2C%22hospitalCases%22%3A%22hospitalCases%22%2C%22cumDailyNsoDeathsByDeathDate%22%3A%22cumDailyNsoDeathsByDeathDate%22%7D&format=json&page=2 HTTP/1.1" 204 0
2021-12-15 22:27:26,045:DEBUG:Starting new HTTPS connection (1): api.coronavirus.data.gov.uk:443
2021-12-15 22:27:26,145:DEBUG:https://api.coronavirus.data.gov.uk:443 "GET /v1/data?filters=areaType%3Dltla%3BareaName%3DExeter&structure=%7B%22areaCode%22%3A%22areaCode%22%2C%22areaName%22%3A%22areaName%22%2C%22date%22%3A%22date%22%2C%22newCasesBySpecimenDate%22%3A%22newCasesBySpecimenDate%22%2C%22hospitalCases%22%3A%22hospitalCases%22%2C%22cumDailyNsoDeathsByDeathDate%22%3A%22cumDailyNsoDeathsByDeathDate%22%7D&format=json&page=1 HTTP/1.1" 200 None
2021-12-15 22:27:26,154:DEBUG:Starting new HTTPS connection (1): api.coronavirus.data.gov.uk:443
2021-12-15 22:27:26,263:DEBUG:https://api.coronavirus.data.gov.uk:443 "GET /v1/data?filters=areaType%3Dltla%3BareaName%3DExeter&structure=%7B%22areaCode%22%3A%22areaCode%22%2C%22areaName%22%3A%22areaName%22%2C%22date%22%3A%22date%22%2C%22newCasesBySpecimenDate%22%3A%22newCasesBySpecimenDate%22%2C%22hospitalCases%22%3A%22hospitalCases%22%2C%22cumDailyNsoDeathsByDeathDate%22%3A%22cumDailyNsoDeathsByDeathDate%22%7D&format=json&page=2 HTTP/1.1" 204 0
2021-12-15 22:27:26,266:INFO:127.0.0.1 - - [15/Dec/2021 22:27:26] "GET /index HTTP/1.1" 200 -
2021-12-15 22:27:26,297:INFO:127.0.0.1 - - [15/Dec/2021 22:27:26] "[36mGET /static/images/covidPic.jpg HTTP/1.1[0m" 304 -
2021-12-15 22:28:26,337:DEBUG:Starting new HTTPS connection (1): api.coronavirus.data.gov.uk:443
2021-12-15 22:28:26,481:DEBUG:https://api.coronavirus.data.gov.uk:443 "GET /v1/data?filters=areaType%3DNation%3BareaName%3DEngland&structure=%7B%22areaCode%22%3A%22areaCode%22%2C%22areaName%22%3A%22areaName%22%2C%22date%22%3A%22date%22%2C%22newCasesBySpecimenDate%22%3A%22newCasesBySpecimenDate%22%2C%22hospitalCases%22%3A%22hospitalCases%22%2C%22cumDailyNsoDeathsByDeathDate%22%3A%22cumDailyNsoDeathsByDeathDate%22%7D&format=json&page=1 HTTP/1.1" 200 None
2021-12-15 22:28:26,495:DEBUG:Starting new HTTPS connection (1): api.coronavirus.data.gov.uk:443
2021-12-15 22:28:26,767:DEBUG:https://api.coronavirus.data.gov.uk:443 "GET /v1/data?filters=areaType%3DNation%3BareaName%3DEngland&structure=%7B%22areaCode%22%3A%22areaCode%22%2C%22areaName%22%3A%22areaName%22%2C%22date%22%3A%22date%22%2C%22newCasesBySpecimenDate%22%3A%22newCasesBySpecimenDate%22%2C%22hospitalCases%22%3A%22hospitalCases%22%2C%22cumDailyNsoDeathsByDeathDate%22%3A%22cumDailyNsoDeathsByDeathDate%22%7D&format=json&page=2 HTTP/1.1" 204 0
2021-12-15 22:28:26,775:DEBUG:Starting new HTTPS connection (1): api.coronavirus.data.gov.uk:443
2021-12-15 22:28:26,893:DEBUG:https://api.coronavirus.data.gov.uk:443 "GET /v1/data?filters=areaType%3Dltla%3BareaName%3DExeter&structure=%7B%22areaCode%22%3A%22areaCode%22%2C%22areaName%22%3A%22areaName%22%2C%22date%22%3A%22date%22%2C%22newCasesBySpecimenDate%22%3A%22newCasesBySpecimenDate%22%2C%22hospitalCases%22%3A%22hospitalCases%22%2C%22cumDailyNsoDeathsByDeathDate%22%3A%22cumDailyNsoDeathsByDeathDate%22%7D&format=json&page=1 HTTP/1.1" 200 None
2021-12-15 22:28:26,904:DEBUG:Starting new HTTPS connection (1): api.coronavirus.data.gov.uk:443
2021-12-15 22:28:27,205:DEBUG:https://api.coronavirus.data.gov.uk:443 "GET /v1/data?filters=areaType%3Dltla%3BareaName%3DExeter&structure=%7B%22areaCode%22%3A%22areaCode%22%2C%22areaName%22%3A%22areaName%22%2C%22date%22%3A%22date%22%2C%22newCasesBySpecimenDate%22%3A%22newCasesBySpecimenDate%22%2C%22hospitalCases%22%3A%22hospitalCases%22%2C%22cumDailyNsoDeathsByDeathDate%22%3A%22cumDailyNsoDeathsByDeathDate%22%7D&format=json&page=2 HTTP/1.1" 204 0
2021-12-15 22:28:27,209:INFO:127.0.0.1 - - [15/Dec/2021 22:28:27] "GET /index HTTP/1.1" 200 -
2021-12-15 22:28:27,244:INFO:127.0.0.1 - - [15/Dec/2021 22:28:27] "[36mGET /static/images/covidPic.jpg HTTP/1.1[0m" 304 -
2021-12-15 22:29:27,298:DEBUG:Starting new HTTPS connection (1): api.coronavirus.data.gov.uk:443
2021-12-15 22:29:27,430:DEBUG:https://api.coronavirus.data.gov.uk:443 "GET /v1/data?filters=areaType%3DNation%3BareaName%3DEngland&structure=%7B%22areaCode%22%3A%22areaCode%22%2C%22areaName%22%3A%22areaName%22%2C%22date%22%3A%22date%22%2C%22newCasesBySpecimenDate%22%3A%22newCasesBySpecimenDate%22%2C%22hospitalCases%22%3A%22hospitalCases%22%2C%22cumDailyNsoDeathsByDeathDate%22%3A%22cumDailyNsoDeathsByDeathDate%22%7D&format=json&page=1 HTTP/1.1" 200 None
2021-12-15 22:29:27,440:DEBUG:Starting new HTTPS connection (1): api.coronavirus.data.gov.uk:443
2021-12-15 22:29:27,550:DEBUG:https://api.coronavirus.data.gov.uk:443 "GET /v1/data?filters=areaType%3DNation%3BareaName%3DEngland&structure=%7B%22areaCode%22%3A%22areaCode%22%2C%22areaName%22%3A%22areaName%22%2C%22date%22%3A%22date%22%2C%22newCasesBySpecimenDate%22%3A%22newCasesBySpecimenDate%22%2C%22hospitalCases%22%3A%22hospitalCases%22%2C%22cumDailyNsoDeathsByDeathDate%22%3A%22cumDailyNsoDeathsByDeathDate%22%7D&format=json&page=2 HTTP/1.1" 204 0
2021-12-15 22:29:27,558:DEBUG:Starting new HTTPS connection (1): api.coronavirus.data.gov.uk:443
2021-12-15 22:29:27,665:DEBUG:https://api.coronavirus.data.gov.uk:443 "GET /v1/data?filters=areaType%3Dltla%3BareaName%3DExeter&structure=%7B%22areaCode%22%3A%22areaCode%22%2C%22areaName%22%3A%22areaName%22%2C%22date%22%3A%22date%22%2C%22newCasesBySpecimenDate%22%3A%22newCasesBySpecimenDate%22%2C%22hospitalCases%22%3A%22hospitalCases%22%2C%22cumDailyNsoDeathsByDeathDate%22%3A%22cumDailyNsoDeathsByDeathDate%22%7D&format=json&page=1 HTTP/1.1" 200 None
2021-12-15 22:29:27,676:DEBUG:Starting new HTTPS connection (1): api.coronavirus.data.gov.uk:443
2021-12-15 22:29:27,778:DEBUG:https://api.coronavirus.data.gov.uk:443 "GET /v1/data?filters=areaType%3Dltla%3BareaName%3DExeter&structure=%7B%22areaCode%22%3A%22areaCode%22%2C%22areaName%22%3A%22areaName%22%2C%22date%22%3A%22date%22%2C%22newCasesBySpecimenDate%22%3A%22newCasesBySpecimenDate%22%2C%22hospitalCases%22%3A%22hospitalCases%22%2C%22cumDailyNsoDeathsByDeathDate%22%3A%22cumDailyNsoDeathsByDeathDate%22%7D&format=json&page=2 HTTP/1.1" 204 0
2021-12-15 22:29:27,782:INFO:127.0.0.1 - - [15/Dec/2021 22:29:27] "GET /index HTTP/1.1" 200 -
2021-12-15 22:29:27,810:INFO:127.0.0.1 - - [15/Dec/2021 22:29:27] "[36mGET /static/images/covidPic.jpg HTTP/1.1[0m" 304 -
2021-12-15 22:30:27,854:DEBUG:Starting new HTTPS connection (1): api.coronavirus.data.gov.uk:443
2021-12-15 22:30:28,002:DEBUG:https://api.coronavirus.data.gov.uk:443 "GET /v1/data?filters=areaType%3DNation%3BareaName%3DEngland&structure=%7B%22areaCode%22%3A%22areaCode%22%2C%22areaName%22%3A%22areaName%22%2C%22date%22%3A%22date%22%2C%22newCasesBySpecimenDate%22%3A%22newCasesBySpecimenDate%22%2C%22hospitalCases%22%3A%22hospitalCases%22%2C%22cumDailyNsoDeathsByDeathDate%22%3A%22cumDailyNsoDeathsByDeathDate%22%7D&format=json&page=1 HTTP/1.1" 200 None
2021-12-15 22:30:28,012:DEBUG:Starting new HTTPS connection (1): api.coronavirus.data.gov.uk:443
2021-12-15 22:30:28,217:DEBUG:https://api.coronavirus.data.gov.uk:443 "GET /v1/data?filters=areaType%3DNation%3BareaName%3DEngland&structure=%7B%22areaCode%22%3A%22areaCode%22%2C%22areaName%22%3A%22areaName%22%2C%22date%22%3A%22date%22%2C%22newCasesBySpecimenDate%22%3A%22newCasesBySpecimenDate%22%2C%22hospitalCases%22%3A%22hospitalCases%22%2C%22cumDailyNsoDeathsByDeathDate%22%3A%22cumDailyNsoDeathsByDeathDate%22%7D&format=json&page=2 HTTP/1.1" 204 0
2021-12-15 22:30:28,224:DEBUG:Starting new HTTPS connection (1): api.coronavirus.data.gov.uk:443
2021-12-15 22:30:28,469:DEBUG:https://api.coronavirus.data.gov.uk:443 "GET /v1/data?filters=areaType%3Dltla%3BareaName%3DExeter&structure=%7B%22areaCode%22%3A%22areaCode%22%2C%22areaName%22%3A%22areaName%22%2C%22date%22%3A%22date%22%2C%22newCasesBySpecimenDate%22%3A%22newCasesBySpecimenDate%22%2C%22hospitalCases%22%3A%22hospitalCases%22%2C%22cumDailyNsoDeathsByDeathDate%22%3A%22cumDailyNsoDeathsByDeathDate%22%7D&format=json&page=1 HTTP/1.1" 200 None
2021-12-15 22:30:28,480:DEBUG:Starting new HTTPS connection (1): api.coronavirus.data.gov.uk:443
2021-12-15 22:30:28,681:DEBUG:https://api.coronavirus.data.gov.uk:443 "GET /v1/data?filters=areaType%3Dltla%3BareaName%3DExeter&structure=%7B%22areaCode%22%3A%22areaCode%22%2C%22areaName%22%3A%22areaName%22%2C%22date%22%3A%22date%22%2C%22newCasesBySpecimenDate%22%3A%22newCasesBySpecimenDate%22%2C%22hospitalCases%22%3A%22hospitalCases%22%2C%22cumDailyNsoDeathsByDeathDate%22%3A%22cumDailyNsoDeathsByDeathDate%22%7D&format=json&page=2 HTTP/1.1" 204 0
2021-12-15 22:30:28,686:INFO:127.0.0.1 - - [15/Dec/2021 22:30:28] "GET /index HTTP/1.1" 200 -
2021-12-15 22:30:28,719:INFO:127.0.0.1 - - [15/Dec/2021 22:30:28] "[36mGET /static/images/covidPic.jpg HTTP/1.1[0m" 304 -
2021-12-15 22:31:28,772:DEBUG:Starting new HTTPS connection (1): api.coronavirus.data.gov.uk:443
2021-12-15 22:31:28,901:DEBUG:https://api.coronavirus.data.gov.uk:443 "GET /v1/data?filters=areaType%3DNation%3BareaName%3DEngland&structure=%7B%22areaCode%22%3A%22areaCode%22%2C%22areaName%22%3A%22areaName%22%2C%22date%22%3A%22date%22%2C%22newCasesBySpecimenDate%22%3A%22newCasesBySpecimenDate%22%2C%22hospitalCases%22%3A%22hospitalCases%22%2C%22cumDailyNsoDeathsByDeathDate%22%3A%22cumDailyNsoDeathsByDeathDate%22%7D&format=json&page=1 HTTP/1.1" 200 None
2021-12-15 22:31:28,911:DEBUG:Starting new HTTPS connection (1): api.coronavirus.data.gov.uk:443
2021-12-15 22:31:29,020:DEBUG:https://api.coronavirus.data.gov.uk:443 "GET /v1/data?filters=areaType%3DNation%3BareaName%3DEngland&structure=%7B%22areaCode%22%3A%22areaCode%22%2C%22areaName%22%3A%22areaName%22%2C%22date%22%3A%22date%22%2C%22newCasesBySpecimenDate%22%3A%22newCasesBySpecimenDate%22%2C%22hospitalCases%22%3A%22hospitalCases%22%2C%22cumDailyNsoDeathsByDeathDate%22%3A%22cumDailyNsoDeathsByDeathDate%22%7D&format=json&page=2 HTTP/1.1" 204 0
2021-12-15 22:31:29,027:DEBUG:Starting new HTTPS connection (1): api.coronavirus.data.gov.uk:443
2021-12-15 22:31:29,122:DEBUG:https://api.coronavirus.data.gov.uk:443 "GET /v1/data?filters=areaType%3Dltla%3BareaName%3DExeter&structure=%7B%22areaCode%22%3A%22areaCode%22%2C%22areaName%22%3A%22areaName%22%2C%22date%22%3A%22date%22%2C%22newCasesBySpecimenDate%22%3A%22newCasesBySpecimenDate%22%2C%22hospitalCases%22%3A%22hospitalCases%22%2C%22cumDailyNsoDeathsByDeathDate%22%3A%22cumDailyNsoDeathsByDeathDate%22%7D&format=json&page=1 HTTP/1.1" 200 None
2021-12-15 22:31:29,133:DEBUG:Starting new HTTPS connection (1): api.coronavirus.data.gov.uk:443
2021-12-15 22:31:29,238:DEBUG:https://api.coronavirus.data.gov.uk:443 "GET /v1/data?filters=areaType%3Dltla%3BareaName%3DExeter&structure=%7B%22areaCode%22%3A%22areaCode%22%2C%22areaName%22%3A%22areaName%22%2C%22date%22%3A%22date%22%2C%22newCasesBySpecimenDate%22%3A%22newCasesBySpecimenDate%22%2C%22hospitalCases%22%3A%22hospitalCases%22%2C%22cumDailyNsoDeathsByDeathDate%22%3A%22cumDailyNsoDeathsByDeathDate%22%7D&format=json&page=2 HTTP/1.1" 204 0
2021-12-15 22:31:29,241:INFO:127.0.0.1 - - [15/Dec/2021 22:31:29] "GET /index HTTP/1.1" 200 -
2021-12-15 22:31:29,269:INFO:127.0.0.1 - - [15/Dec/2021 22:31:29] "[36mGET /static/images/covidPic.jpg HTTP/1.1[0m" 304 -
2021-12-15 22:32:29,315:DEBUG:Starting new HTTPS connection (1): api.coronavirus.data.gov.uk:443
2021-12-15 22:32:29,717:DEBUG:https://api.coronavirus.data.gov.uk:443 "GET /v1/data?filters=areaType%3DNation%3BareaName%3DEngland&structure=%7B%22areaCode%22%3A%22areaCode%22%2C%22areaName%22%3A%22areaName%22%2C%22date%22%3A%22date%22%2C%22newCasesBySpecimenDate%22%3A%22newCasesBySpecimenDate%22%2C%22hospitalCases%22%3A%22hospitalCases%22%2C%22cumDailyNsoDeathsByDeathDate%22%3A%22cumDailyNsoDeathsByDeathDate%22%7D&format=json&page=1 HTTP/1.1" 200 None
2021-12-15 22:32:29,731:DEBUG:Starting new HTTPS connection (1): api.coronavirus.data.gov.uk:443
2021-12-15 22:32:29,972:DEBUG:https://api.coronavirus.data.gov.uk:443 "GET /v1/data?filters=areaType%3DNation%3BareaName%3DEngland&structure=%7B%22areaCode%22%3A%22areaCode%22%2C%22areaName%22%3A%22areaName%22%2C%22date%22%3A%22date%22%2C%22newCasesBySpecimenDate%22%3A%22newCasesBySpecimenDate%22%2C%22hospitalCases%22%3A%22hospitalCases%22%2C%22cumDailyNsoDeathsByDeathDate%22%3A%22cumDailyNsoDeathsByDeathDate%22%7D&format=json&page=2 HTTP/1.1" 204 0
2021-12-15 22:32:29,984:DEBUG:Starting new HTTPS connection (1): api.coronavirus.data.gov.uk:443
2021-12-15 22:32:30,113:DEBUG:https://api.coronavirus.data.gov.uk:443 "GET /v1/data?filters=areaType%3Dltla%3BareaName%3DExeter&structure=%7B%22areaCode%22%3A%22areaCode%22%2C%22areaName%22%3A%22areaName%22%2C%22date%22%3A%22date%22%2C%22newCasesBySpecimenDate%22%3A%22newCasesBySpecimenDate%22%2C%22hospitalCases%22%3A%22hospitalCases%22%2C%22cumDailyNsoDeathsByDeathDate%22%3A%22cumDailyNsoDeathsByDeathDate%22%7D&format=json&page=1 HTTP/1.1" 200 None
2021-12-15 22:32:30,124:DEBUG:Starting new HTTPS connection (1): api.coronavirus.data.gov.uk:443
2021-12-15 22:32:30,338:DEBUG:https://api.coronavirus.data.gov.uk:443 "GET /v1/data?filters=areaType%3Dltla%3BareaName%3DExeter&structure=%7B%22areaCode%22%3A%22areaCode%22%2C%22areaName%22%3A%22areaName%22%2C%22date%22%3A%22date%22%2C%22newCasesBySpecimenDate%22%3A%22newCasesBySpecimenDate%22%2C%22hospitalCases%22%3A%22hospitalCases%22%2C%22cumDailyNsoDeathsByDeathDate%22%3A%22cumDailyNsoDeathsByDeathDate%22%7D&format=json&page=2 HTTP/1.1" 204 0
2021-12-15 22:32:30,342:INFO:127.0.0.1 - - [15/Dec/2021 22:32:30] "GET /index HTTP/1.1" 200 -
2021-12-15 22:32:30,371:INFO:127.0.0.1 - - [15/Dec/2021 22:32:30] "[36mGET /static/images/covidPic.jpg HTTP/1.1[0m" 304 -
2021-12-15 22:33:30,409:DEBUG:Starting new HTTPS connection (1): api.coronavirus.data.gov.uk:443
2021-12-15 22:33:30,563:DEBUG:https://api.coronavirus.data.gov.uk:443 "GET /v1/data?filters=areaType%3DNation%3BareaName%3DEngland&structure=%7B%22areaCode%22%3A%22areaCode%22%2C%22areaName%22%3A%22areaName%22%2C%22date%22%3A%22date%22%2C%22newCasesBySpecimenDate%22%3A%22newCasesBySpecimenDate%22%2C%22hospitalCases%22%3A%22hospitalCases%22%2C%22cumDailyNsoDeathsByDeathDate%22%3A%22cumDailyNsoDeathsByDeathDate%22%7D&format=json&page=1 HTTP/1.1" 200 None
2021-12-15 22:33:30,573:DEBUG:Starting new HTTPS connection (1): api.coronavirus.data.gov.uk:443
2021-12-15 22:33:30,682:DEBUG:https://api.coronavirus.data.gov.uk:443 "GET /v1/data?filters=areaType%3DNation%3BareaName%3DEngland&structure=%7B%22areaCode%22%3A%22areaCode%22%2C%22areaName%22%3A%22areaName%22%2C%22date%22%3A%22date%22%2C%22newCasesBySpecimenDate%22%3A%22newCasesBySpecimenDate%22%2C%22hospitalCases%22%3A%22hospitalCases%22%2C%22cumDailyNsoDeathsByDeathDate%22%3A%22cumDailyNsoDeathsByDeathDate%22%7D&format=json&page=2 HTTP/1.1" 204 0
2021-12-15 22:33:30,689:DEBUG:Starting new HTTPS connection (1): api.coronavirus.data.gov.uk:443
2021-12-15 22:33:30,801:DEBUG:https://api.coronavirus.data.gov.uk:443 "GET /v1/data?filters=areaType%3Dltla%3BareaName%3DExeter&structure=%7B%22areaCode%22%3A%22areaCode%22%2C%22areaName%22%3A%22areaName%22%2C%22date%22%3A%22date%22%2C%22newCasesBySpecimenDate%22%3A%22newCasesBySpecimenDate%22%2C%22hospitalCases%22%3A%22hospitalCases%22%2C%22cumDailyNsoDeathsByDeathDate%22%3A%22cumDailyNsoDeathsByDeathDate%22%7D&format=json&page=1 HTTP/1.1" 200 None
2021-12-15 22:33:30,811:DEBUG:Starting new HTTPS connection (1): api.coronavirus.data.gov.uk:443
2021-12-15 22:33:30,926:DEBUG:https://api.coronavirus.data.gov.uk:443 "GET /v1/data?filters=areaType%3Dltla%3BareaName%3DExeter&structure=%7B%22areaCode%22%3A%22areaCode%22%2C%22areaName%22%3A%22areaName%22%2C%22date%22%3A%22date%22%2C%22newCasesBySpecimenDate%22%3A%22newCasesBySpecimenDate%22%2C%22hospitalCases%22%3A%22hospitalCases%22%2C%22cumDailyNsoDeathsByDeathDate%22%3A%22cumDailyNsoDeathsByDeathDate%22%7D&format=json&page=2 HTTP/1.1" 204 0
2021-12-15 22:33:30,930:INFO:127.0.0.1 - - [15/Dec/2021 22:33:30] "GET /index HTTP/1.1" 200 -
2021-12-15 22:33:30,962:INFO:127.0.0.1 - - [15/Dec/2021 22:33:30] "[36mGET /static/images/covidPic.jpg HTTP/1.1[0m" 304 -
2021-12-15 22:34:31,006:DEBUG:Starting new HTTPS connection (1): api.coronavirus.data.gov.uk:443
2021-12-15 22:34:31,162:DEBUG:https://api.coronavirus.data.gov.uk:443 "GET /v1/data?filters=areaType%3DNation%3BareaName%3DEngland&structure=%7B%22areaCode%22%3A%22areaCode%22%2C%22areaName%22%3A%22areaName%22%2C%22date%22%3A%22date%22%2C%22newCasesBySpecimenDate%22%3A%22newCasesBySpecimenDate%22%2C%22hospitalCases%22%3A%22hospitalCases%22%2C%22cumDailyNsoDeathsByDeathDate%22%3A%22cumDailyNsoDeathsByDeathDate%22%7D&format=json&page=1 HTTP/1.1" 200 None
2021-12-15 22:34:31,172:DEBUG:Starting new HTTPS connection (1): api.coronavirus.data.gov.uk:443
2021-12-15 22:34:31,433:DEBUG:https://api.coronavirus.data.gov.uk:443 "GET /v1/data?filters=areaType%3DNation%3BareaName%3DEngland&structure=%7B%22areaCode%22%3A%22areaCode%22%2C%22areaName%22%3A%22areaName%22%2C%22date%22%3A%22date%22%2C%22newCasesBySpecimenDate%22%3A%22newCasesBySpecimenDate%22%2C%22hospitalCases%22%3A%22hospitalCases%22%2C%22cumDailyNsoDeathsByDeathDate%22%3A%22cumDailyNsoDeathsByDeathDate%22%7D&format=json&page=2 HTTP/1.1" 204 0
2021-12-15 22:34:31,446:DEBUG:Starting new HTTPS connection (1): api.coronavirus.data.gov.uk:443
2021-12-15 22:34:31,577:DEBUG:https://api.coronavirus.data.gov.uk:443 "GET /v1/data?filters=areaType%3Dltla%3BareaName%3DExeter&structure=%7B%22areaCode%22%3A%22areaCode%22%2C%22areaName%22%3A%22areaName%22%2C%22date%22%3A%22date%22%2C%22newCasesBySpecimenDate%22%3A%22newCasesBySpecimenDate%22%2C%22hospitalCases%22%3A%22hospitalCases%22%2C%22cumDailyNsoDeathsByDeathDate%22%3A%22cumDailyNsoDeathsByDeathDate%22%7D&format=json&page=1 HTTP/1.1" 200 None
2021-12-15 22:34:31,588:DEBUG:Starting new HTTPS connection (1): api.coronavirus.data.gov.uk:443
2021-12-15 22:34:31,802:DEBUG:https://api.coronavirus.data.gov.uk:443 "GET /v1/data?filters=areaType%3Dltla%3BareaName%3DExeter&structure=%7B%22areaCode%22%3A%22areaCode%22%2C%22areaName%22%3A%22areaName%22%2C%22date%22%3A%22date%22%2C%22newCasesBySpecimenDate%22%3A%22newCasesBySpecimenDate%22%2C%22hospitalCases%22%3A%22hospitalCases%22%2C%22cumDailyNsoDeathsByDeathDate%22%3A%22cumDailyNsoDeathsByDeathDate%22%7D&format=json&page=2 HTTP/1.1" 204 0
2021-12-15 22:34:31,808:INFO:127.0.0.1 - - [15/Dec/2021 22:34:31] "GET /index HTTP/1.1" 200 -
2021-12-15 22:34:31,838:INFO:127.0.0.1 - - [15/Dec/2021 22:34:31] "[36mGET /static/images/covidPic.jpg HTTP/1.1[0m" 304 -
2021-12-15 22:35:31,881:DEBUG:Starting new HTTPS connection (1): api.coronavirus.data.gov.uk:443
2021-12-15 22:35:32,017:DEBUG:https://api.coronavirus.data.gov.uk:443 "GET /v1/data?filters=areaType%3DNation%3BareaName%3DEngland&structure=%7B%22areaCode%22%3A%22areaCode%22%2C%22areaName%22%3A%22areaName%22%2C%22date%22%3A%22date%22%2C%22newCasesBySpecimenDate%22%3A%22newCasesBySpecimenDate%22%2C%22hospitalCases%22%3A%22hospitalCases%22%2C%22cumDailyNsoDeathsByDeathDate%22%3A%22cumDailyNsoDeathsByDeathDate%22%7D&format=json&page=1 HTTP/1.1" 200 None
2021-12-15 22:35:32,033:DEBUG:Starting new HTTPS connection (1): api.coronavirus.data.gov.uk:443
2021-12-15 22:35:32,158:DEBUG:https://api.coronavirus.data.gov.uk:443 "GET /v1/data?filters=areaType%3DNation%3BareaName%3DEngland&structure=%7B%22areaCode%22%3A%22areaCode%22%2C%22areaName%22%3A%22areaName%22%2C%22date%22%3A%22date%22%2C%22newCasesBySpecimenDate%22%3A%22newCasesBySpecimenDate%22%2C%22hospitalCases%22%3A%22hospitalCases%22%2C%22cumDailyNsoDeathsByDeathDate%22%3A%22cumDailyNsoDeathsByDeathDate%22%7D&format=json&page=2 HTTP/1.1" 204 0
2021-12-15 22:35:32,169:DEBUG:Starting new HTTPS connection (1): api.coronavirus.data.gov.uk:443
2021-12-15 22:35:32,272:DEBUG:https://api.coronavirus.data.gov.uk:443 "GET /v1/data?filters=areaType%3Dltla%3BareaName%3DExeter&structure=%7B%22areaCode%22%3A%22areaCode%22%2C%22areaName%22%3A%22areaName%22%2C%22date%22%3A%22date%22%2C%22newCasesBySpecimenDate%22%3A%22newCasesBySpecimenDate%22%2C%22hospitalCases%22%3A%22hospitalCases%22%2C%22cumDailyNsoDeathsByDeathDate%22%3A%22cumDailyNsoDeathsByDeathDate%22%7D&format=json&page=1 HTTP/1.1" 200 None
2021-12-15 22:35:32,285:DEBUG:Starting new HTTPS connection (1): api.coronavirus.data.gov.uk:443
2021-12-15 22:35:32,385:DEBUG:https://api.coronavirus.data.gov.uk:443 "GET /v1/data?filters=areaType%3Dltla%3BareaName%3DExeter&structure=%7B%22areaCode%22%3A%22areaCode%22%2C%22areaName%22%3A%22areaName%22%2C%22date%22%3A%22date%22%2C%22newCasesBySpecimenDate%22%3A%22newCasesBySpecimenDate%22%2C%22hospitalCases%22%3A%22hospitalCases%22%2C%22cumDailyNsoDeathsByDeathDate%22%3A%22cumDailyNsoDeathsByDeathDate%22%7D&format=json&page=2 HTTP/1.1" 204 0
2021-12-15 22:35:32,390:INFO:127.0.0.1 - - [15/Dec/2021 22:35:32] "GET /index HTTP/1.1" 200 -
2021-12-15 22:35:32,423:INFO:127.0.0.1 - - [15/Dec/2021 22:35:32] "[36mGET /static/images/covidPic.jpg HTTP/1.1[0m" 304 -
2021-12-15 22:36:32,464:DEBUG:Starting new HTTPS connection (1): api.coronavirus.data.gov.uk:443
2021-12-15 22:36:32,625:DEBUG:https://api.coronavirus.data.gov.uk:443 "GET /v1/data?filters=areaType%3DNation%3BareaName%3DEngland&structure=%7B%22areaCode%22%3A%22areaCode%22%2C%22areaName%22%3A%22areaName%22%2C%22date%22%3A%22date%22%2C%22newCasesBySpecimenDate%22%3A%22newCasesBySpecimenDate%22%2C%22hospitalCases%22%3A%22hospitalCases%22%2C%22cumDailyNsoDeathsByDeathDate%22%3A%22cumDailyNsoDeathsByDeathDate%22%7D&format=json&page=1 HTTP/1.1" 200 None
2021-12-15 22:36:32,642:DEBUG:Starting new HTTPS connection (1): api.coronavirus.data.gov.uk:443
2021-12-15 22:36:32,850:DEBUG:https://api.coronavirus.data.gov.uk:443 "GET /v1/data?filters=areaType%3DNation%3BareaName%3DEngland&structure=%7B%22areaCode%22%3A%22areaCode%22%2C%22areaName%22%3A%22areaName%22%2C%22date%22%3A%22date%22%2C%22newCasesBySpecimenDate%22%3A%22newCasesBySpecimenDate%22%2C%22hospitalCases%22%3A%22hospitalCases%22%2C%22cumDailyNsoDeathsByDeathDate%22%3A%22cumDailyNsoDeathsByDeathDate%22%7D&format=json&page=2 HTTP/1.1" 204 0
2021-12-15 22:36:32,859:DEBUG:Starting new HTTPS connection (1): api.coronavirus.data.gov.uk:443
2021-12-15 22:36:32,978:DEBUG:https://api.coronavirus.data.gov.uk:443 "GET /v1/data?filters=areaType%3Dltla%3BareaName%3DExeter&structure=%7B%22areaCode%22%3A%22areaCode%22%2C%22areaName%22%3A%22areaName%22%2C%22date%22%3A%22date%22%2C%22newCasesBySpecimenDate%22%3A%22newCasesBySpecimenDate%22%2C%22hospitalCases%22%3A%22hospitalCases%22%2C%22cumDailyNsoDeathsByDeathDate%22%3A%22cumDailyNsoDeathsByDeathDate%22%7D&format=json&page=1 HTTP/1.1" 200 None
2021-12-15 22:36:32,990:DEBUG:Starting new HTTPS connection (1): api.coronavirus.data.gov.uk:443
2021-12-15 22:36:33,190:DEBUG:https://api.coronavirus.data.gov.uk:443 "GET /v1/data?filters=areaType%3Dltla%3BareaName%3DExeter&structure=%7B%22areaCode%22%3A%22areaCode%22%2C%22areaName%22%3A%22areaName%22%2C%22date%22%3A%22date%22%2C%22newCasesBySpecimenDate%22%3A%22newCasesBySpecimenDate%22%2C%22hospitalCases%22%3A%22hospitalCases%22%2C%22cumDailyNsoDeathsByDeathDate%22%3A%22cumDailyNsoDeathsByDeathDate%22%7D&format=json&page=2 HTTP/1.1" 204 0
2021-12-15 22:36:33,195:INFO:127.0.0.1 - - [15/Dec/2021 22:36:33] "GET /index HTTP/1.1" 200 -
2021-12-15 22:36:33,222:INFO:127.0.0.1 - - [15/Dec/2021 22:36:33] "[36mGET /static/images/covidPic.jpg HTTP/1.1[0m" 304 -
2021-12-15 22:37:33,268:DEBUG:Starting new HTTPS connection (1): api.coronavirus.data.gov.uk:443
2021-12-15 22:37:33,428:DEBUG:https://api.coronavirus.data.gov.uk:443 "GET /v1/data?filters=areaType%3DNation%3BareaName%3DEngland&structure=%7B%22areaCode%22%3A%22areaCode%22%2C%22areaName%22%3A%22areaName%22%2C%22date%22%3A%22date%22%2C%22newCasesBySpecimenDate%22%3A%22newCasesBySpecimenDate%22%2C%22hospitalCases%22%3A%22hospitalCases%22%2C%22cumDailyNsoDeathsByDeathDate%22%3A%22cumDailyNsoDeathsByDeathDate%22%7D&format=json&page=1 HTTP/1.1" 200 None
2021-12-15 22:37:33,449:DEBUG:Starting new HTTPS connection (1): api.coronavirus.data.gov.uk:443
2021-12-15 22:37:33,556:DEBUG:https://api.coronavirus.data.gov.uk:443 "GET /v1/data?filters=areaType%3DNation%3BareaName%3DEngland&structure=%7B%22areaCode%22%3A%22areaCode%22%2C%22areaName%22%3A%22areaName%22%2C%22date%22%3A%22date%22%2C%22newCasesBySpecimenDate%22%3A%22newCasesBySpecimenDate%22%2C%22hospitalCases%22%3A%22hospitalCases%22%2C%22cumDailyNsoDeathsByDeathDate%22%3A%22cumDailyNsoDeathsByDeathDate%22%7D&format=json&page=2 HTTP/1.1" 204 0
2021-12-15 22:37:33,564:DEBUG:Starting new HTTPS connection (1): api.coronavirus.data.gov.uk:443
2021-12-15 22:37:33,672:DEBUG:https://api.coronavirus.data.gov.uk:443 "GET /v1/data?filters=areaType%3Dltla%3BareaName%3DExeter&structure=%7B%22areaCode%22%3A%22areaCode%22%2C%22areaName%22%3A%22areaName%22%2C%22date%22%3A%22date%22%2C%22newCasesBySpecimenDate%22%3A%22newCasesBySpecimenDate%22%2C%22hospitalCases%22%3A%22hospitalCases%22%2C%22cumDailyNsoDeathsByDeathDate%22%3A%22cumDailyNsoDeathsByDeathDate%22%7D&format=json&page=1 HTTP/1.1" 200 None
2021-12-15 22:37:33,682:DEBUG:Starting new HTTPS connection (1): api.coronavirus.data.gov.uk:443
2021-12-15 22:37:33,791:DEBUG:https://api.coronavirus.data.gov.uk:443 "GET /v1/data?filters=areaType%3Dltla%3BareaName%3DExeter&structure=%7B%22areaCode%22%3A%22areaCode%22%2C%22areaName%22%3A%22areaName%22%2C%22date%22%3A%22date%22%2C%22newCasesBySpecimenDate%22%3A%22newCasesBySpecimenDate%22%2C%22hospitalCases%22%3A%22hospitalCases%22%2C%22cumDailyNsoDeathsByDeathDate%22%3A%22cumDailyNsoDeathsByDeathDate%22%7D&format=json&page=2 HTTP/1.1" 204 0
2021-12-15 22:37:33,794:INFO:127.0.0.1 - - [15/Dec/2021 22:37:33] "GET /index HTTP/1.1" 200 -
2021-12-15 22:37:33,827:INFO:127.0.0.1 - - [15/Dec/2021 22:37:33] "[36mGET /static/images/covidPic.jpg HTTP/1.1[0m" 304 -
2021-12-15 22:38:33,864:DEBUG:Starting new HTTPS connection (1): api.coronavirus.data.gov.uk:443
2021-12-15 22:38:34,015:DEBUG:https://api.coronavirus.data.gov.uk:443 "GET /v1/data?filters=areaType%3DNation%3BareaName%3DEngland&structure=%7B%22areaCode%22%3A%22areaCode%22%2C%22areaName%22%3A%22areaName%22%2C%22date%22%3A%22date%22%2C%22newCasesBySpecimenDate%22%3A%22newCasesBySpecimenDate%22%2C%22hospitalCases%22%3A%22hospitalCases%22%2C%22cumDailyNsoDeathsByDeathDate%22%3A%22cumDailyNsoDeathsByDeathDate%22%7D&format=json&page=1 HTTP/1.1" 200 None
2021-12-15 22:38:34,031:DEBUG:Starting new HTTPS connection (1): api.coronavirus.data.gov.uk:443
2021-12-15 22:38:34,279:DEBUG:https://api.coronavirus.data.gov.uk:443 "GET /v1/data?filters=areaType%3DNation%3BareaName%3DEngland&structure=%7B%22areaCode%22%3A%22areaCode%22%2C%22areaName%22%3A%22areaName%22%2C%22date%22%3A%22date%22%2C%22newCasesBySpecimenDate%22%3A%22newCasesBySpecimenDate%22%2C%22hospitalCases%22%3A%22hospitalCases%22%2C%22cumDailyNsoDeathsByDeathDate%22%3A%22cumDailyNsoDeathsByDeathDate%22%7D&format=json&page=2 HTTP/1.1" 204 0
2021-12-15 22:38:34,290:DEBUG:Starting new HTTPS connection (1): api.coronavirus.data.gov.uk:443
2021-12-15 22:38:34,412:DEBUG:https://api.coronavirus.data.gov.uk:443 "GET /v1/data?filters=areaType%3Dltla%3BareaName%3DExeter&structure=%7B%22areaCode%22%3A%22areaCode%22%2C%22areaName%22%3A%22areaName%22%2C%22date%22%3A%22date%22%2C%22newCasesBySpecimenDate%22%3A%22newCasesBySpecimenDate%22%2C%22hospitalCases%22%3A%22hospitalCases%22%2C%22cumDailyNsoDeathsByDeathDate%22%3A%22cumDailyNsoDeathsByDeathDate%22%7D&format=json&page=1 HTTP/1.1" 200 None
2021-12-15 22:38:34,424:DEBUG:Starting new HTTPS connection (1): api.coronavirus.data.gov.uk:443
2021-12-15 22:38:34,663:DEBUG:https://api.coronavirus.data.gov.uk:443 "GET /v1/data?filters=areaType%3Dltla%3BareaName%3DExeter&structure=%7B%22areaCode%22%3A%22areaCode%22%2C%22areaName%22%3A%22areaName%22%2C%22date%22%3A%22date%22%2C%22newCasesBySpecimenDate%22%3A%22newCasesBySpecimenDate%22%2C%22hospitalCases%22%3A%22hospitalCases%22%2C%22cumDailyNsoDeathsByDeathDate%22%3A%22cumDailyNsoDeathsByDeathDate%22%7D&format=json&page=2 HTTP/1.1" 204 0
2021-12-15 22:38:34,668:INFO:127.0.0.1 - - [15/Dec/2021 22:38:34] "GET /index HTTP/1.1" 200 -
2021-12-15 22:38:34,699:INFO:127.0.0.1 - - [15/Dec/2021 22:38:34] "[36mGET /static/images/covidPic.jpg HTTP/1.1[0m" 304 -
2021-12-15 22:39:34,738:DEBUG:Starting new HTTPS connection (1): api.coronavirus.data.gov.uk:443
2021-12-15 22:39:34,900:DEBUG:https://api.coronavirus.data.gov.uk:443 "GET /v1/data?filters=areaType%3DNation%3BareaName%3DEngland&structure=%7B%22areaCode%22%3A%22areaCode%22%2C%22areaName%22%3A%22areaName%22%2C%22date%22%3A%22date%22%2C%22newCasesBySpecimenDate%22%3A%22newCasesBySpecimenDate%22%2C%22hospitalCases%22%3A%22hospitalCases%22%2C%22cumDailyNsoDeathsByDeathDate%22%3A%22cumDailyNsoDeathsByDeathDate%22%7D&format=json&page=1 HTTP/1.1" 200 None
2021-12-15 22:39:34,910:DEBUG:Starting new HTTPS connection (1): api.coronavirus.data.gov.uk:443
2021-12-15 22:39:35,033:DEBUG:https://api.coronavirus.data.gov.uk:443 "GET /v1/data?filters=areaType%3DNation%3BareaName%3DEngland&structure=%7B%22areaCode%22%3A%22areaCode%22%2C%22areaName%22%3A%22areaName%22%2C%22date%22%3A%22date%22%2C%22newCasesBySpecimenDate%22%3A%22newCasesBySpecimenDate%22%2C%22hospitalCases%22%3A%22hospitalCases%22%2C%22cumDailyNsoDeathsByDeathDate%22%3A%22cumDailyNsoDeathsByDeathDate%22%7D&format=json&page=2 HTTP/1.1" 204 0
2021-12-15 22:39:35,041:DEBUG:Starting new HTTPS connection (1): api.coronavirus.data.gov.uk:443
2021-12-15 22:39:35,150:DEBUG:https://api.coronavirus.data.gov.uk:443 "GET /v1/data?filters=areaType%3Dltla%3BareaName%3DExeter&structure=%7B%22areaCode%22%3A%22areaCode%22%2C%22areaName%22%3A%22areaName%22%2C%22date%22%3A%22date%22%2C%22newCasesBySpecimenDate%22%3A%22newCasesBySpecimenDate%22%2C%22hospitalCases%22%3A%22hospitalCases%22%2C%22cumDailyNsoDeathsByDeathDate%22%3A%22cumDailyNsoDeathsByDeathDate%22%7D&format=json&page=1 HTTP/1.1" 200 None
2021-12-15 22:39:35,160:DEBUG:Starting new HTTPS connection (1): api.coronavirus.data.gov.uk:443
2021-12-15 22:39:35,275:DEBUG:https://api.coronavirus.data.gov.uk:443 "GET /v1/data?filters=areaType%3Dltla%3BareaName%3DExeter&structure=%7B%22areaCode%22%3A%22areaCode%22%2C%22areaName%22%3A%22areaName%22%2C%22date%22%3A%22date%22%2C%22newCasesBySpecimenDate%22%3A%22newCasesBySpecimenDate%22%2C%22hospitalCases%22%3A%22hospitalCases%22%2C%22cumDailyNsoDeathsByDeathDate%22%3A%22cumDailyNsoDeathsByDeathDate%22%7D&format=json&page=2 HTTP/1.1" 204 0
2021-12-15 22:39:35,279:INFO:127.0.0.1 - - [15/Dec/2021 22:39:35] "GET /index HTTP/1.1" 200 -
2021-12-15 22:39:35,308:INFO:127.0.0.1 - - [15/Dec/2021 22:39:35] "[36mGET /static/images/covidPic.jpg HTTP/1.1[0m" 304 -
2021-12-15 22:40:35,350:DEBUG:Starting new HTTPS connection (1): api.coronavirus.data.gov.uk:443
2021-12-15 22:40:35,508:DEBUG:https://api.coronavirus.data.gov.uk:443 "GET /v1/data?filters=areaType%3DNation%3BareaName%3DEngland&structure=%7B%22areaCode%22%3A%22areaCode%22%2C%22areaName%22%3A%22areaName%22%2C%22date%22%3A%22date%22%2C%22newCasesBySpecimenDate%22%3A%22newCasesBySpecimenDate%22%2C%22hospitalCases%22%3A%22hospitalCases%22%2C%22cumDailyNsoDeathsByDeathDate%22%3A%22cumDailyNsoDeathsByDeathDate%22%7D&format=json&page=1 HTTP/1.1" 200 None
2021-12-15 22:40:35,521:DEBUG:Starting new HTTPS connection (1): api.coronavirus.data.gov.uk:443
2021-12-15 22:40:35,793:DEBUG:https://api.coronavirus.data.gov.uk:443 "GET /v1/data?filters=areaType%3DNation%3BareaName%3DEngland&structure=%7B%22areaCode%22%3A%22areaCode%22%2C%22areaName%22%3A%22areaName%22%2C%22date%22%3A%22date%22%2C%22newCasesBySpecimenDate%22%3A%22newCasesBySpecimenDate%22%2C%22hospitalCases%22%3A%22hospitalCases%22%2C%22cumDailyNsoDeathsByDeathDate%22%3A%22cumDailyNsoDeathsByDeathDate%22%7D&format=json&page=2 HTTP/1.1" 204 0
2021-12-15 22:40:35,801:DEBUG:Starting new HTTPS connection (1): api.coronavirus.data.gov.uk:443
2021-12-15 22:40:35,918:DEBUG:https://api.coronavirus.data.gov.uk:443 "GET /v1/data?filters=areaType%3Dltla%3BareaName%3DExeter&structure=%7B%22areaCode%22%3A%22areaCode%22%2C%22areaName%22%3A%22areaName%22%2C%22date%22%3A%22date%22%2C%22newCasesBySpecimenDate%22%3A%22newCasesBySpecimenDate%22%2C%22hospitalCases%22%3A%22hospitalCases%22%2C%22cumDailyNsoDeathsByDeathDate%22%3A%22cumDailyNsoDeathsByDeathDate%22%7D&format=json&page=1 HTTP/1.1" 200 None
2021-12-15 22:40:35,929:DEBUG:Starting new HTTPS connection (1): api.coronavirus.data.gov.uk:443
2021-12-15 22:40:36,324:DEBUG:https://api.coronavirus.data.gov.uk:443 "GET /v1/data?filters=areaType%3Dltla%3BareaName%3DExeter&structure=%7B%22areaCode%22%3A%22areaCode%22%2C%22areaName%22%3A%22areaName%22%2C%22date%22%3A%22date%22%2C%22newCasesBySpecimenDate%22%3A%22newCasesBySpecimenDate%22%2C%22hospitalCases%22%3A%22hospitalCases%22%2C%22cumDailyNsoDeathsByDeathDate%22%3A%22cumDailyNsoDeathsByDeathDate%22%7D&format=json&page=2 HTTP/1.1" 204 0
2021-12-15 22:40:36,328:INFO:127.0.0.1 - - [15/Dec/2021 22:40:36] "GET /index HTTP/1.1" 200 -
2021-12-15 22:40:36,361:INFO:127.0.0.1 - - [15/Dec/2021 22:40:36] "[36mGET /static/images/covidPic.jpg HTTP/1.1[0m" 304 -
2021-12-15 22:41:36,411:DEBUG:Starting new HTTPS connection (1): api.coronavirus.data.gov.uk:443
2021-12-15 22:41:36,557:DEBUG:https://api.coronavirus.data.gov.uk:443 "GET /v1/data?filters=areaType%3DNation%3BareaName%3DEngland&structure=%7B%22areaCode%22%3A%22areaCode%22%2C%22areaName%22%3A%22areaName%22%2C%22date%22%3A%22date%22%2C%22newCasesBySpecimenDate%22%3A%22newCasesBySpecimenDate%22%2C%22hospitalCases%22%3A%22hospitalCases%22%2C%22cumDailyNsoDeathsByDeathDate%22%3A%22cumDailyNsoDeathsByDeathDate%22%7D&format=json&page=1 HTTP/1.1" 200 None
2021-12-15 22:41:36,572:DEBUG:Starting new HTTPS connection (1): api.coronavirus.data.gov.uk:443
2021-12-15 22:41:36,673:DEBUG:https://api.coronavirus.data.gov.uk:443 "GET /v1/data?filters=areaType%3DNation%3BareaName%3DEngland&structure=%7B%22areaCode%22%3A%22areaCode%22%2C%22areaName%22%3A%22areaName%22%2C%22date%22%3A%22date%22%2C%22newCasesBySpecimenDate%22%3A%22newCasesBySpecimenDate%22%2C%22hospitalCases%22%3A%22hospitalCases%22%2C%22cumDailyNsoDeathsByDeathDate%22%3A%22cumDailyNsoDeathsByDeathDate%22%7D&format=json&page=2 HTTP/1.1" 204 0
2021-12-15 22:41:36,680:DEBUG:Starting new HTTPS connection (1): api.coronavirus.data.gov.uk:443
2021-12-15 22:41:36,791:DEBUG:https://api.coronavirus.data.gov.uk:443 "GET /v1/data?filters=areaType%3Dltla%3BareaName%3DExeter&structure=%7B%22areaCode%22%3A%22areaCode%22%2C%22areaName%22%3A%22areaName%22%2C%22date%22%3A%22date%22%2C%22newCasesBySpecimenDate%22%3A%22newCasesBySpecimenDate%22%2C%22hospitalCases%22%3A%22hospitalCases%22%2C%22cumDailyNsoDeathsByDeathDate%22%3A%22cumDailyNsoDeathsByDeathDate%22%7D&format=json&page=1 HTTP/1.1" 200 None
2021-12-15 22:41:36,801:DEBUG:Starting new HTTPS connection (1): api.coronavirus.data.gov.uk:443
2021-12-15 22:41:36,909:DEBUG:https://api.coronavirus.data.gov.uk:443 "GET /v1/data?filters=areaType%3Dltla%3BareaName%3DExeter&structure=%7B%22areaCode%22%3A%22areaCode%22%2C%22areaName%22%3A%22areaName%22%2C%22date%22%3A%22date%22%2C%22newCasesBySpecimenDate%22%3A%22newCasesBySpecimenDate%22%2C%22hospitalCases%22%3A%22hospitalCases%22%2C%22cumDailyNsoDeathsByDeathDate%22%3A%22cumDailyNsoDeathsByDeathDate%22%7D&format=json&page=2 HTTP/1.1" 204 0
2021-12-15 22:41:36,912:INFO:127.0.0.1 - - [15/Dec/2021 22:41:36] "GET /index HTTP/1.1" 200 -
2021-12-15 22:41:36,941:INFO:127.0.0.1 - - [15/Dec/2021 22:41:36] "[36mGET /static/images/covidPic.jpg HTTP/1.1[0m" 304 -
2021-12-15 22:42:36,987:DEBUG:Starting new HTTPS connection (1): api.coronavirus.data.gov.uk:443
2021-12-15 22:42:37,156:DEBUG:https://api.coronavirus.data.gov.uk:443 "GET /v1/data?filters=areaType%3DNation%3BareaName%3DEngland&structure=%7B%22areaCode%22%3A%22areaCode%22%2C%22areaName%22%3A%22areaName%22%2C%22date%22%3A%22date%22%2C%22newCasesBySpecimenDate%22%3A%22newCasesBySpecimenDate%22%2C%22hospitalCases%22%3A%22hospitalCases%22%2C%22cumDailyNsoDeathsByDeathDate%22%3A%22cumDailyNsoDeathsByDeathDate%22%7D&format=json&page=1 HTTP/1.1" 200 None
2021-12-15 22:42:37,169:DEBUG:Starting new HTTPS connection (1): api.coronavirus.data.gov.uk:443
2021-12-15 22:42:37,370:DEBUG:https://api.coronavirus.data.gov.uk:443 "GET /v1/data?filters=areaType%3DNation%3BareaName%3DEngland&structure=%7B%22areaCode%22%3A%22areaCode%22%2C%22areaName%22%3A%22areaName%22%2C%22date%22%3A%22date%22%2C%22newCasesBySpecimenDate%22%3A%22newCasesBySpecimenDate%22%2C%22hospitalCases%22%3A%22hospitalCases%22%2C%22cumDailyNsoDeathsByDeathDate%22%3A%22cumDailyNsoDeathsByDeathDate%22%7D&format=json&page=2 HTTP/1.1" 204 0
2021-12-15 22:42:37,380:DEBUG:Starting new HTTPS connection (1): api.coronavirus.data.gov.uk:443
2021-12-15 22:42:37,495:DEBUG:https://api.coronavirus.data.gov.uk:443 "GET /v1/data?filters=areaType%3Dltla%3BareaName%3DExeter&structure=%7B%22areaCode%22%3A%22areaCode%22%2C%22areaName%22%3A%22areaName%22%2C%22date%22%3A%22date%22%2C%22newCasesBySpecimenDate%22%3A%22newCasesBySpecimenDate%22%2C%22hospitalCases%22%3A%22hospitalCases%22%2C%22cumDailyNsoDeathsByDeathDate%22%3A%22cumDailyNsoDeathsByDeathDate%22%7D&format=json&page=1 HTTP/1.1" 200 None
2021-12-15 22:42:37,507:DEBUG:Starting new HTTPS connection (1): api.coronavirus.data.gov.uk:443
2021-12-15 22:42:37,710:DEBUG:https://api.coronavirus.data.gov.uk:443 "GET /v1/data?filters=areaType%3Dltla%3BareaName%3DExeter&structure=%7B%22areaCode%22%3A%22areaCode%22%2C%22areaName%22%3A%22areaName%22%2C%22date%22%3A%22date%22%2C%22newCasesBySpecimenDate%22%3A%22newCasesBySpecimenDate%22%2C%22hospitalCases%22%3A%22hospitalCases%22%2C%22cumDailyNsoDeathsByDeathDate%22%3A%22cumDailyNsoDeathsByDeathDate%22%7D&format=json&page=2 HTTP/1.1" 204 0
2021-12-15 22:42:37,714:INFO:127.0.0.1 - - [15/Dec/2021 22:42:37] "GET /index HTTP/1.1" 200 -
2021-12-15 22:42:37,746:INFO:127.0.0.1 - - [15/Dec/2021 22:42:37] "[36mGET /static/images/covidPic.jpg HTTP/1.1[0m" 304 -
2021-12-15 22:43:37,792:DEBUG:Starting new HTTPS connection (1): api.coronavirus.data.gov.uk:443
2021-12-15 22:43:37,922:DEBUG:https://api.coronavirus.data.gov.uk:443 "GET /v1/data?filters=areaType%3DNation%3BareaName%3DEngland&structure=%7B%22areaCode%22%3A%22areaCode%22%2C%22areaName%22%3A%22areaName%22%2C%22date%22%3A%22date%22%2C%22newCasesBySpecimenDate%22%3A%22newCasesBySpecimenDate%22%2C%22hospitalCases%22%3A%22hospitalCases%22%2C%22cumDailyNsoDeathsByDeathDate%22%3A%22cumDailyNsoDeathsByDeathDate%22%7D&format=json&page=1 HTTP/1.1" 200 None
2021-12-15 22:43:37,932:DEBUG:Starting new HTTPS connection (1): api.coronavirus.data.gov.uk:443
2021-12-15 22:43:38,036:DEBUG:https://api.coronavirus.data.gov.uk:443 "GET /v1/data?filters=areaType%3DNation%3BareaName%3DEngland&structure=%7B%22areaCode%22%3A%22areaCode%22%2C%22areaName%22%3A%22areaName%22%2C%22date%22%3A%22date%22%2C%22newCasesBySpecimenDate%22%3A%22newCasesBySpecimenDate%22%2C%22hospitalCases%22%3A%22hospitalCases%22%2C%22cumDailyNsoDeathsByDeathDate%22%3A%22cumDailyNsoDeathsByDeathDate%22%7D&format=json&page=2 HTTP/1.1" 204 0
2021-12-15 22:43:38,045:DEBUG:Starting new HTTPS connection (1): api.coronavirus.data.gov.uk:443
2021-12-15 22:43:38,149:DEBUG:https://api.coronavirus.data.gov.uk:443 "GET /v1/data?filters=areaType%3Dltla%3BareaName%3DExeter&structure=%7B%22areaCode%22%3A%22areaCode%22%2C%22areaName%22%3A%22areaName%22%2C%22date%22%3A%22date%22%2C%22newCasesBySpecimenDate%22%3A%22newCasesBySpecimenDate%22%2C%22hospitalCases%22%3A%22hospitalCases%22%2C%22cumDailyNsoDeathsByDeathDate%22%3A%22cumDailyNsoDeathsByDeathDate%22%7D&format=json&page=1 HTTP/1.1" 200 None
2021-12-15 22:43:38,159:DEBUG:Starting new HTTPS connection (1): api.coronavirus.data.gov.uk:443
2021-12-15 22:43:38,265:DEBUG:https://api.coronavirus.data.gov.uk:443 "GET /v1/data?filters=areaType%3Dltla%3BareaName%3DExeter&structure=%7B%22areaCode%22%3A%22areaCode%22%2C%22areaName%22%3A%22areaName%22%2C%22date%22%3A%22date%22%2C%22newCasesBySpecimenDate%22%3A%22newCasesBySpecimenDate%22%2C%22hospitalCases%22%3A%22hospitalCases%22%2C%22cumDailyNsoDeathsByDeathDate%22%3A%22cumDailyNsoDeathsByDeathDate%22%7D&format=json&page=2 HTTP/1.1" 204 0
2021-12-15 22:43:38,269:INFO:127.0.0.1 - - [15/Dec/2021 22:43:38] "GET /index HTTP/1.1" 200 -
2021-12-15 22:43:38,296:INFO:127.0.0.1 - - [15/Dec/2021 22:43:38] "[36mGET /static/images/covidPic.jpg HTTP/1.1[0m" 304 -
2021-12-15 22:44:38,335:DEBUG:Starting new HTTPS connection (1): api.coronavirus.data.gov.uk:443
2021-12-15 22:44:38,502:DEBUG:https://api.coronavirus.data.gov.uk:443 "GET /v1/data?filters=areaType%3DNation%3BareaName%3DEngland&structure=%7B%22areaCode%22%3A%22areaCode%22%2C%22areaName%22%3A%22areaName%22%2C%22date%22%3A%22date%22%2C%22newCasesBySpecimenDate%22%3A%22newCasesBySpecimenDate%22%2C%22hospitalCases%22%3A%22hospitalCases%22%2C%22cumDailyNsoDeathsByDeathDate%22%3A%22cumDailyNsoDeathsByDeathDate%22%7D&format=json&page=1 HTTP/1.1" 200 None
2021-12-15 22:44:38,515:DEBUG:Starting new HTTPS connection (1): api.coronavirus.data.gov.uk:443
2021-12-15 22:44:38,745:DEBUG:https://api.coronavirus.data.gov.uk:443 "GET /v1/data?filters=areaType%3DNation%3BareaName%3DEngland&structure=%7B%22areaCode%22%3A%22areaCode%22%2C%22areaName%22%3A%22areaName%22%2C%22date%22%3A%22date%22%2C%22newCasesBySpecimenDate%22%3A%22newCasesBySpecimenDate%22%2C%22hospitalCases%22%3A%22hospitalCases%22%2C%22cumDailyNsoDeathsByDeathDate%22%3A%22cumDailyNsoDeathsByDeathDate%22%7D&format=json&page=2 HTTP/1.1" 204 0
2021-12-15 22:44:38,752:DEBUG:Starting new HTTPS connection (1): api.coronavirus.data.gov.uk:443
2021-12-15 22:44:38,864:DEBUG:https://api.coronavirus.data.gov.uk:443 "GET /v1/data?filters=areaType%3Dltla%3BareaName%3DExeter&structure=%7B%22areaCode%22%3A%22areaCode%22%2C%22areaName%22%3A%22areaName%22%2C%22date%22%3A%22date%22%2C%22newCasesBySpecimenDate%22%3A%22newCasesBySpecimenDate%22%2C%22hospitalCases%22%3A%22hospitalCases%22%2C%22cumDailyNsoDeathsByDeathDate%22%3A%22cumDailyNsoDeathsByDeathDate%22%7D&format=json&page=1 HTTP/1.1" 200 None
2021-12-15 22:44:38,874:DEBUG:Starting new HTTPS connection (1): api.coronavirus.data.gov.uk:443
2021-12-15 22:44:39,132:DEBUG:https://api.coronavirus.data.gov.uk:443 "GET /v1/data?filters=areaType%3Dltla%3BareaName%3DExeter&structure=%7B%22areaCode%22%3A%22areaCode%22%2C%22areaName%22%3A%22areaName%22%2C%22date%22%3A%22date%22%2C%22newCasesBySpecimenDate%22%3A%22newCasesBySpecimenDate%22%2C%22hospitalCases%22%3A%22hospitalCases%22%2C%22cumDailyNsoDeathsByDeathDate%22%3A%22cumDailyNsoDeathsByDeathDate%22%7D&format=json&page=2 HTTP/1.1" 204 0
2021-12-15 22:44:39,137:INFO:127.0.0.1 - - [15/Dec/2021 22:44:39] "GET /index HTTP/1.1" 200 -
2021-12-15 22:44:39,171:INFO:127.0.0.1 - - [15/Dec/2021 22:44:39] "[36mGET /static/images/covidPic.jpg HTTP/1.1[0m" 304 -
2021-12-15 22:45:39,225:DEBUG:Starting new HTTPS connection (1): api.coronavirus.data.gov.uk:443
2021-12-15 22:45:39,357:DEBUG:https://api.coronavirus.data.gov.uk:443 "GET /v1/data?filters=areaType%3DNation%3BareaName%3DEngland&structure=%7B%22areaCode%22%3A%22areaCode%22%2C%22areaName%22%3A%22areaName%22%2C%22date%22%3A%22date%22%2C%22newCasesBySpecimenDate%22%3A%22newCasesBySpecimenDate%22%2C%22hospitalCases%22%3A%22hospitalCases%22%2C%22cumDailyNsoDeathsByDeathDate%22%3A%22cumDailyNsoDeathsByDeathDate%22%7D&format=json&page=1 HTTP/1.1" 200 None
2021-12-15 22:45:39,368:DEBUG:Starting new HTTPS connection (1): api.coronavirus.data.gov.uk:443
2021-12-15 22:45:39,479:DEBUG:https://api.coronavirus.data.gov.uk:443 "GET /v1/data?filters=areaType%3DNation%3BareaName%3DEngland&structure=%7B%22areaCode%22%3A%22areaCode%22%2C%22areaName%22%3A%22areaName%22%2C%22date%22%3A%22date%22%2C%22newCasesBySpecimenDate%22%3A%22newCasesBySpecimenDate%22%2C%22hospitalCases%22%3A%22hospitalCases%22%2C%22cumDailyNsoDeathsByDeathDate%22%3A%22cumDailyNsoDeathsByDeathDate%22%7D&format=json&page=2 HTTP/1.1" 204 0
2021-12-15 22:45:39,487:DEBUG:Starting new HTTPS connection (1): api.coronavirus.data.gov.uk:443
2021-12-15 22:45:39,593:DEBUG:https://api.coronavirus.data.gov.uk:443 "GET /v1/data?filters=areaType%3Dltla%3BareaName%3DExeter&structure=%7B%22areaCode%22%3A%22areaCode%22%2C%22areaName%22%3A%22areaName%22%2C%22date%22%3A%22date%22%2C%22newCasesBySpecimenDate%22%3A%22newCasesBySpecimenDate%22%2C%22hospitalCases%22%3A%22hospitalCases%22%2C%22cumDailyNsoDeathsByDeathDate%22%3A%22cumDailyNsoDeathsByDeathDate%22%7D&format=json&page=1 HTTP/1.1" 200 None
2021-12-15 22:45:39,602:DEBUG:Starting new HTTPS connection (1): api.coronavirus.data.gov.uk:443
2021-12-15 22:45:39,703:DEBUG:https://api.coronavirus.data.gov.uk:443 "GET /v1/data?filters=areaType%3Dltla%3BareaName%3DExeter&structure=%7B%22areaCode%22%3A%22areaCode%22%2C%22areaName%22%3A%22areaName%22%2C%22date%22%3A%22date%22%2C%22newCasesBySpecimenDate%22%3A%22newCasesBySpecimenDate%22%2C%22hospitalCases%22%3A%22hospitalCases%22%2C%22cumDailyNsoDeathsByDeathDate%22%3A%22cumDailyNsoDeathsByDeathDate%22%7D&format=json&page=2 HTTP/1.1" 204 0
2021-12-15 22:45:39,708:INFO:127.0.0.1 - - [15/Dec/2021 22:45:39] "GET /index HTTP/1.1" 200 -
2021-12-15 22:45:39,742:INFO:127.0.0.1 - - [15/Dec/2021 22:45:39] "[36mGET /static/images/covidPic.jpg HTTP/1.1[0m" 304 -
2021-12-15 22:46:39,777:DEBUG:Starting new HTTPS connection (1): api.coronavirus.data.gov.uk:443
2021-12-15 22:46:39,965:DEBUG:https://api.coronavirus.data.gov.uk:443 "GET /v1/data?filters=areaType%3DNation%3BareaName%3DEngland&structure=%7B%22areaCode%22%3A%22areaCode%22%2C%22areaName%22%3A%22areaName%22%2C%22date%22%3A%22date%22%2C%22newCasesBySpecimenDate%22%3A%22newCasesBySpecimenDate%22%2C%22hospitalCases%22%3A%22hospitalCases%22%2C%22cumDailyNsoDeathsByDeathDate%22%3A%22cumDailyNsoDeathsByDeathDate%22%7D&format=json&page=1 HTTP/1.1" 200 None
2021-12-15 22:46:39,975:DEBUG:Starting new HTTPS connection (1): api.coronavirus.data.gov.uk:443
2021-12-15 22:46:40,231:DEBUG:https://api.coronavirus.data.gov.uk:443 "GET /v1/data?filters=areaType%3DNation%3BareaName%3DEngland&structure=%7B%22areaCode%22%3A%22areaCode%22%2C%22areaName%22%3A%22areaName%22%2C%22date%22%3A%22date%22%2C%22newCasesBySpecimenDate%22%3A%22newCasesBySpecimenDate%22%2C%22hospitalCases%22%3A%22hospitalCases%22%2C%22cumDailyNsoDeathsByDeathDate%22%3A%22cumDailyNsoDeathsByDeathDate%22%7D&format=json&page=2 HTTP/1.1" 204 0
2021-12-15 22:46:40,245:DEBUG:Starting new HTTPS connection (1): api.coronavirus.data.gov.uk:443
2021-12-15 22:46:40,551:DEBUG:https://api.coronavirus.data.gov.uk:443 "GET /v1/data?filters=areaType%3Dltla%3BareaName%3DExeter&structure=%7B%22areaCode%22%3A%22areaCode%22%2C%22areaName%22%3A%22areaName%22%2C%22date%22%3A%22date%22%2C%22newCasesBySpecimenDate%22%3A%22newCasesBySpecimenDate%22%2C%22hospitalCases%22%3A%22hospitalCases%22%2C%22cumDailyNsoDeathsByDeathDate%22%3A%22cumDailyNsoDeathsByDeathDate%22%7D&format=json&page=1 HTTP/1.1" 200 None
2021-12-15 22:46:40,561:DEBUG:Starting new HTTPS connection (1): api.coronavirus.data.gov.uk:443
2021-12-15 22:46:40,766:DEBUG:https://api.coronavirus.data.gov.uk:443 "GET /v1/data?filters=areaType%3Dltla%3BareaName%3DExeter&structure=%7B%22areaCode%22%3A%22areaCode%22%2C%22areaName%22%3A%22areaName%22%2C%22date%22%3A%22date%22%2C%22newCasesBySpecimenDate%22%3A%22newCasesBySpecimenDate%22%2C%22hospitalCases%22%3A%22hospitalCases%22%2C%22cumDailyNsoDeathsByDeathDate%22%3A%22cumDailyNsoDeathsByDeathDate%22%7D&format=json&page=2 HTTP/1.1" 204 0
2021-12-15 22:46:40,770:INFO:127.0.0.1 - - [15/Dec/2021 22:46:40] "GET /index HTTP/1.1" 200 -
2021-12-15 22:46:40,804:INFO:127.0.0.1 - - [15/Dec/2021 22:46:40] "[36mGET /static/images/covidPic.jpg HTTP/1.1[0m" 304 -
2021-12-15 22:47:40,851:DEBUG:Starting new HTTPS connection (1): api.coronavirus.data.gov.uk:443
2021-12-15 22:47:41,003:DEBUG:https://api.coronavirus.data.gov.uk:443 "GET /v1/data?filters=areaType%3DNation%3BareaName%3DEngland&structure=%7B%22areaCode%22%3A%22areaCode%22%2C%22areaName%22%3A%22areaName%22%2C%22date%22%3A%22date%22%2C%22newCasesBySpecimenDate%22%3A%22newCasesBySpecimenDate%22%2C%22hospitalCases%22%3A%22hospitalCases%22%2C%22cumDailyNsoDeathsByDeathDate%22%3A%22cumDailyNsoDeathsByDeathDate%22%7D&format=json&page=1 HTTP/1.1" 200 None
2021-12-15 22:47:41,013:DEBUG:Starting new HTTPS connection (1): api.coronavirus.data.gov.uk:443
2021-12-15 22:47:41,124:DEBUG:https://api.coronavirus.data.gov.uk:443 "GET /v1/data?filters=areaType%3DNation%3BareaName%3DEngland&structure=%7B%22areaCode%22%3A%22areaCode%22%2C%22areaName%22%3A%22areaName%22%2C%22date%22%3A%22date%22%2C%22newCasesBySpecimenDate%22%3A%22newCasesBySpecimenDate%22%2C%22hospitalCases%22%3A%22hospitalCases%22%2C%22cumDailyNsoDeathsByDeathDate%22%3A%22cumDailyNsoDeathsByDeathDate%22%7D&format=json&page=2 HTTP/1.1" 204 0
2021-12-15 22:47:41,132:DEBUG:Starting new HTTPS connection (1): api.coronavirus.data.gov.uk:443
2021-12-15 22:47:41,309:DEBUG:https://api.coronavirus.data.gov.uk:443 "GET /v1/data?filters=areaType%3Dltla%3BareaName%3DExeter&structure=%7B%22areaCode%22%3A%22areaCode%22%2C%22areaName%22%3A%22areaName%22%2C%22date%22%3A%22date%22%2C%22newCasesBySpecimenDate%22%3A%22newCasesBySpecimenDate%22%2C%22hospitalCases%22%3A%22hospitalCases%22%2C%22cumDailyNsoDeathsByDeathDate%22%3A%22cumDailyNsoDeathsByDeathDate%22%7D&format=json&page=1 HTTP/1.1" 200 None
2021-12-15 22:47:41,320:DEBUG:Starting new HTTPS connection (1): api.coronavirus.data.gov.uk:443
2021-12-15 22:47:41,434:DEBUG:https://api.coronavirus.data.gov.uk:443 "GET /v1/data?filters=areaType%3Dltla%3BareaName%3DExeter&structure=%7B%22areaCode%22%3A%22areaCode%22%2C%22areaName%22%3A%22areaName%22%2C%22date%22%3A%22date%22%2C%22newCasesBySpecimenDate%22%3A%22newCasesBySpecimenDate%22%2C%22hospitalCases%22%3A%22hospitalCases%22%2C%22cumDailyNsoDeathsByDeathDate%22%3A%22cumDailyNsoDeathsByDeathDate%22%7D&format=json&page=2 HTTP/1.1" 204 0
2021-12-15 22:47:41,437:INFO:127.0.0.1 - - [15/Dec/2021 22:47:41] "GET /index HTTP/1.1" 200 -
2021-12-15 22:47:41,474:INFO:127.0.0.1 - - [15/Dec/2021 22:47:41] "[36mGET /static/images/covidPic.jpg HTTP/1.1[0m" 304 -
2021-12-15 22:48:41,512:DEBUG:Starting new HTTPS connection (1): api.coronavirus.data.gov.uk:443
2021-12-15 22:48:41,671:DEBUG:https://api.coronavirus.data.gov.uk:443 "GET /v1/data?filters=areaType%3DNation%3BareaName%3DEngland&structure=%7B%22areaCode%22%3A%22areaCode%22%2C%22areaName%22%3A%22areaName%22%2C%22date%22%3A%22date%22%2C%22newCasesBySpecimenDate%22%3A%22newCasesBySpecimenDate%22%2C%22hospitalCases%22%3A%22hospitalCases%22%2C%22cumDailyNsoDeathsByDeathDate%22%3A%22cumDailyNsoDeathsByDeathDate%22%7D&format=json&page=1 HTTP/1.1" 200 None
2021-12-15 22:48:41,687:DEBUG:Starting new HTTPS connection (1): api.coronavirus.data.gov.uk:443
2021-12-15 22:48:41,953:DEBUG:https://api.coronavirus.data.gov.uk:443 "GET /v1/data?filters=areaType%3DNation%3BareaName%3DEngland&structure=%7B%22areaCode%22%3A%22areaCode%22%2C%22areaName%22%3A%22areaName%22%2C%22date%22%3A%22date%22%2C%22newCasesBySpecimenDate%22%3A%22newCasesBySpecimenDate%22%2C%22hospitalCases%22%3A%22hospitalCases%22%2C%22cumDailyNsoDeathsByDeathDate%22%3A%22cumDailyNsoDeathsByDeathDate%22%7D&format=json&page=2 HTTP/1.1" 204 0
2021-12-15 22:48:41,961:DEBUG:Starting new HTTPS connection (1): api.coronavirus.data.gov.uk:443
2021-12-15 22:48:42,100:DEBUG:https://api.coronavirus.data.gov.uk:443 "GET /v1/data?filters=areaType%3Dltla%3BareaName%3DExeter&structure=%7B%22areaCode%22%3A%22areaCode%22%2C%22areaName%22%3A%22areaName%22%2C%22date%22%3A%22date%22%2C%22newCasesBySpecimenDate%22%3A%22newCasesBySpecimenDate%22%2C%22hospitalCases%22%3A%22hospitalCases%22%2C%22cumDailyNsoDeathsByDeathDate%22%3A%22cumDailyNsoDeathsByDeathDate%22%7D&format=json&page=1 HTTP/1.1" 200 None
2021-12-15 22:48:42,112:DEBUG:Starting new HTTPS connection (1): api.coronavirus.data.gov.uk:443
2021-12-15 22:48:42,323:DEBUG:https://api.coronavirus.data.gov.uk:443 "GET /v1/data?filters=areaType%3Dltla%3BareaName%3DExeter&structure=%7B%22areaCode%22%3A%22areaCode%22%2C%22areaName%22%3A%22areaName%22%2C%22date%22%3A%22date%22%2C%22newCasesBySpecimenDate%22%3A%22newCasesBySpecimenDate%22%2C%22hospitalCases%22%3A%22hospitalCases%22%2C%22cumDailyNsoDeathsByDeathDate%22%3A%22cumDailyNsoDeathsByDeathDate%22%7D&format=json&page=2 HTTP/1.1" 204 0
2021-12-15 22:48:42,328:INFO:127.0.0.1 - - [15/Dec/2021 22:48:42] "GET /index HTTP/1.1" 200 -
2021-12-15 22:48:42,358:INFO:127.0.0.1 - - [15/Dec/2021 22:48:42] "[36mGET /static/images/covidPic.jpg HTTP/1.1[0m" 304 -
2021-12-15 22:49:42,394:DEBUG:Starting new HTTPS connection (1): api.coronavirus.data.gov.uk:443
2021-12-15 22:49:42,537:DEBUG:https://api.coronavirus.data.gov.uk:443 "GET /v1/data?filters=areaType%3DNation%3BareaName%3DEngland&structure=%7B%22areaCode%22%3A%22areaCode%22%2C%22areaName%22%3A%22areaName%22%2C%22date%22%3A%22date%22%2C%22newCasesBySpecimenDate%22%3A%22newCasesBySpecimenDate%22%2C%22hospitalCases%22%3A%22hospitalCases%22%2C%22cumDailyNsoDeathsByDeathDate%22%3A%22cumDailyNsoDeathsByDeathDate%22%7D&format=json&page=1 HTTP/1.1" 200 None
2021-12-15 22:49:42,552:DEBUG:Starting new HTTPS connection (1): api.coronavirus.data.gov.uk:443
2021-12-15 22:49:42,668:DEBUG:https://api.coronavirus.data.gov.uk:443 "GET /v1/data?filters=areaType%3DNation%3BareaName%3DEngland&structure=%7B%22areaCode%22%3A%22areaCode%22%2C%22areaName%22%3A%22areaName%22%2C%22date%22%3A%22date%22%2C%22newCasesBySpecimenDate%22%3A%22newCasesBySpecimenDate%22%2C%22hospitalCases%22%3A%22hospitalCases%22%2C%22cumDailyNsoDeathsByDeathDate%22%3A%22cumDailyNsoDeathsByDeathDate%22%7D&format=json&page=2 HTTP/1.1" 204 0
2021-12-15 22:49:42,676:DEBUG:Starting new HTTPS connection (1): api.coronavirus.data.gov.uk:443
2021-12-15 22:49:42,782:DEBUG:https://api.coronavirus.data.gov.uk:443 "GET /v1/data?filters=areaType%3Dltla%3BareaName%3DExeter&structure=%7B%22areaCode%22%3A%22areaCode%22%2C%22areaName%22%3A%22areaName%22%2C%22date%22%3A%22date%22%2C%22newCasesBySpecimenDate%22%3A%22newCasesBySpecimenDate%22%2C%22hospitalCases%22%3A%22hospitalCases%22%2C%22cumDailyNsoDeathsByDeathDate%22%3A%22cumDailyNsoDeathsByDeathDate%22%7D&format=json&page=1 HTTP/1.1" 200 None
2021-12-15 22:49:42,792:DEBUG:Starting new HTTPS connection (1): api.coronavirus.data.gov.uk:443
2021-12-15 22:49:42,898:DEBUG:https://api.coronavirus.data.gov.uk:443 "GET /v1/data?filters=areaType%3Dltla%3BareaName%3DExeter&structure=%7B%22areaCode%22%3A%22areaCode%22%2C%22areaName%22%3A%22areaName%22%2C%22date%22%3A%22date%22%2C%22newCasesBySpecimenDate%22%3A%22newCasesBySpecimenDate%22%2C%22hospitalCases%22%3A%22hospitalCases%22%2C%22cumDailyNsoDeathsByDeathDate%22%3A%22cumDailyNsoDeathsByDeathDate%22%7D&format=json&page=2 HTTP/1.1" 204 0
2021-12-15 22:49:42,902:INFO:127.0.0.1 - - [15/Dec/2021 22:49:42] "GET /index HTTP/1.1" 200 -
2021-12-15 22:49:42,932:INFO:127.0.0.1 - - [15/Dec/2021 22:49:42] "[36mGET /static/images/covidPic.jpg HTTP/1.1[0m" 304 -
2021-12-15 22:50:42,970:DEBUG:Starting new HTTPS connection (1): api.coronavirus.data.gov.uk:443
2021-12-15 22:50:43,119:DEBUG:https://api.coronavirus.data.gov.uk:443 "GET /v1/data?filters=areaType%3DNation%3BareaName%3DEngland&structure=%7B%22areaCode%22%3A%22areaCode%22%2C%22areaName%22%3A%22areaName%22%2C%22date%22%3A%22date%22%2C%22newCasesBySpecimenDate%22%3A%22newCasesBySpecimenDate%22%2C%22hospitalCases%22%3A%22hospitalCases%22%2C%22cumDailyNsoDeathsByDeathDate%22%3A%22cumDailyNsoDeathsByDeathDate%22%7D&format=json&page=1 HTTP/1.1" 200 None
2021-12-15 22:50:43,131:DEBUG:Starting new HTTPS connection (1): api.coronavirus.data.gov.uk:443
2021-12-15 22:50:43,399:DEBUG:https://api.coronavirus.data.gov.uk:443 "GET /v1/data?filters=areaType%3DNation%3BareaName%3DEngland&structure=%7B%22areaCode%22%3A%22areaCode%22%2C%22areaName%22%3A%22areaName%22%2C%22date%22%3A%22date%22%2C%22newCasesBySpecimenDate%22%3A%22newCasesBySpecimenDate%22%2C%22hospitalCases%22%3A%22hospitalCases%22%2C%22cumDailyNsoDeathsByDeathDate%22%3A%22cumDailyNsoDeathsByDeathDate%22%7D&format=json&page=2 HTTP/1.1" 204 0
2021-12-15 22:50:43,411:DEBUG:Starting new HTTPS connection (1): api.coronavirus.data.gov.uk:443
2021-12-15 22:50:43,535:DEBUG:https://api.coronavirus.data.gov.uk:443 "GET /v1/data?filters=areaType%3Dltla%3BareaName%3DExeter&structure=%7B%22areaCode%22%3A%22areaCode%22%2C%22areaName%22%3A%22areaName%22%2C%22date%22%3A%22date%22%2C%22newCasesBySpecimenDate%22%3A%22newCasesBySpecimenDate%22%2C%22hospitalCases%22%3A%22hospitalCases%22%2C%22cumDailyNsoDeathsByDeathDate%22%3A%22cumDailyNsoDeathsByDeathDate%22%7D&format=json&page=1 HTTP/1.1" 200 None
2021-12-15 22:50:43,549:DEBUG:Starting new HTTPS connection (1): api.coronavirus.data.gov.uk:443
2021-12-15 22:50:43,789:DEBUG:https://api.coronavirus.data.gov.uk:443 "GET /v1/data?filters=areaType%3Dltla%3BareaName%3DExeter&structure=%7B%22areaCode%22%3A%22areaCode%22%2C%22areaName%22%3A%22areaName%22%2C%22date%22%3A%22date%22%2C%22newCasesBySpecimenDate%22%3A%22newCasesBySpecimenDate%22%2C%22hospitalCases%22%3A%22hospitalCases%22%2C%22cumDailyNsoDeathsByDeathDate%22%3A%22cumDailyNsoDeathsByDeathDate%22%7D&format=json&page=2 HTTP/1.1" 204 0
2021-12-15 22:50:43,794:INFO:127.0.0.1 - - [15/Dec/2021 22:50:43] "GET /index HTTP/1.1" 200 -
2021-12-15 22:50:43,829:INFO:127.0.0.1 - - [15/Dec/2021 22:50:43] "[36mGET /static/images/covidPic.jpg HTTP/1.1[0m" 304 -
2021-12-15 22:51:43,865:DEBUG:Starting new HTTPS connection (1): api.coronavirus.data.gov.uk:443
2021-12-15 22:51:44,007:DEBUG:https://api.coronavirus.data.gov.uk:443 "GET /v1/data?filters=areaType%3DNation%3BareaName%3DEngland&structure=%7B%22areaCode%22%3A%22areaCode%22%2C%22areaName%22%3A%22areaName%22%2C%22date%22%3A%22date%22%2C%22newCasesBySpecimenDate%22%3A%22newCasesBySpecimenDate%22%2C%22hospitalCases%22%3A%22hospitalCases%22%2C%22cumDailyNsoDeathsByDeathDate%22%3A%22cumDailyNsoDeathsByDeathDate%22%7D&format=json&page=1 HTTP/1.1" 200 None
2021-12-15 22:51:44,017:DEBUG:Starting new HTTPS connection (1): api.coronavirus.data.gov.uk:443
2021-12-15 22:51:44,126:DEBUG:https://api.coronavirus.data.gov.uk:443 "GET /v1/data?filters=areaType%3DNation%3BareaName%3DEngland&structure=%7B%22areaCode%22%3A%22areaCode%22%2C%22areaName%22%3A%22areaName%22%2C%22date%22%3A%22date%22%2C%22newCasesBySpecimenDate%22%3A%22newCasesBySpecimenDate%22%2C%22hospitalCases%22%3A%22hospitalCases%22%2C%22cumDailyNsoDeathsByDeathDate%22%3A%22cumDailyNsoDeathsByDeathDate%22%7D&format=json&page=2 HTTP/1.1" 204 0
2021-12-15 22:51:44,135:DEBUG:Starting new HTTPS connection (1): api.coronavirus.data.gov.uk:443
2021-12-15 22:51:44,235:DEBUG:https://api.coronavirus.data.gov.uk:443 "GET /v1/data?filters=areaType%3Dltla%3BareaName%3DExeter&structure=%7B%22areaCode%22%3A%22areaCode%22%2C%22areaName%22%3A%22areaName%22%2C%22date%22%3A%22date%22%2C%22newCasesBySpecimenDate%22%3A%22newCasesBySpecimenDate%22%2C%22hospitalCases%22%3A%22hospitalCases%22%2C%22cumDailyNsoDeathsByDeathDate%22%3A%22cumDailyNsoDeathsByDeathDate%22%7D&format=json&page=1 HTTP/1.1" 200 None
2021-12-15 22:51:44,244:DEBUG:Starting new HTTPS connection (1): api.coronavirus.data.gov.uk:443
2021-12-15 22:51:44,344:DEBUG:https://api.coronavirus.data.gov.uk:443 "GET /v1/data?filters=areaType%3Dltla%3BareaName%3DExeter&structure=%7B%22areaCode%22%3A%22areaCode%22%2C%22areaName%22%3A%22areaName%22%2C%22date%22%3A%22date%22%2C%22newCasesBySpecimenDate%22%3A%22newCasesBySpecimenDate%22%2C%22hospitalCases%22%3A%22hospitalCases%22%2C%22cumDailyNsoDeathsByDeathDate%22%3A%22cumDailyNsoDeathsByDeathDate%22%7D&format=json&page=2 HTTP/1.1" 204 0
2021-12-15 22:51:44,347:INFO:127.0.0.1 - - [15/Dec/2021 22:51:44] "GET /index HTTP/1.1" 200 -
2021-12-15 22:51:44,381:INFO:127.0.0.1 - - [15/Dec/2021 22:51:44] "[36mGET /static/images/covidPic.jpg HTTP/1.1[0m" 304 -
2021-12-15 22:52:44,427:DEBUG:Starting new HTTPS connection (1): api.coronavirus.data.gov.uk:443
2021-12-15 22:52:44,580:DEBUG:https://api.coronavirus.data.gov.uk:443 "GET /v1/data?filters=areaType%3DNation%3BareaName%3DEngland&structure=%7B%22areaCode%22%3A%22areaCode%22%2C%22areaName%22%3A%22areaName%22%2C%22date%22%3A%22date%22%2C%22newCasesBySpecimenDate%22%3A%22newCasesBySpecimenDate%22%2C%22hospitalCases%22%3A%22hospitalCases%22%2C%22cumDailyNsoDeathsByDeathDate%22%3A%22cumDailyNsoDeathsByDeathDate%22%7D&format=json&page=1 HTTP/1.1" 200 None
2021-12-15 22:52:44,591:DEBUG:Starting new HTTPS connection (1): api.coronavirus.data.gov.uk:443
2021-12-15 22:52:44,814:DEBUG:https://api.coronavirus.data.gov.uk:443 "GET /v1/data?filters=areaType%3DNation%3BareaName%3DEngland&structure=%7B%22areaCode%22%3A%22areaCode%22%2C%22areaName%22%3A%22areaName%22%2C%22date%22%3A%22date%22%2C%22newCasesBySpecimenDate%22%3A%22newCasesBySpecimenDate%22%2C%22hospitalCases%22%3A%22hospitalCases%22%2C%22cumDailyNsoDeathsByDeathDate%22%3A%22cumDailyNsoDeathsByDeathDate%22%7D&format=json&page=2 HTTP/1.1" 204 0
2021-12-15 22:52:44,824:DEBUG:Starting new HTTPS connection (1): api.coronavirus.data.gov.uk:443
2021-12-15 22:52:44,949:DEBUG:https://api.coronavirus.data.gov.uk:443 "GET /v1/data?filters=areaType%3Dltla%3BareaName%3DExeter&structure=%7B%22areaCode%22%3A%22areaCode%22%2C%22areaName%22%3A%22areaName%22%2C%22date%22%3A%22date%22%2C%22newCasesBySpecimenDate%22%3A%22newCasesBySpecimenDate%22%2C%22hospitalCases%22%3A%22hospitalCases%22%2C%22cumDailyNsoDeathsByDeathDate%22%3A%22cumDailyNsoDeathsByDeathDate%22%7D&format=json&page=1 HTTP/1.1" 200 None
2021-12-15 22:52:44,961:DEBUG:Starting new HTTPS connection (1): api.coronavirus.data.gov.uk:443
2021-12-15 22:52:45,175:DEBUG:https://api.coronavirus.data.gov.uk:443 "GET /v1/data?filters=areaType%3Dltla%3BareaName%3DExeter&structure=%7B%22areaCode%22%3A%22areaCode%22%2C%22areaName%22%3A%22areaName%22%2C%22date%22%3A%22date%22%2C%22newCasesBySpecimenDate%22%3A%22newCasesBySpecimenDate%22%2C%22hospitalCases%22%3A%22hospitalCases%22%2C%22cumDailyNsoDeathsByDeathDate%22%3A%22cumDailyNsoDeathsByDeathDate%22%7D&format=json&page=2 HTTP/1.1" 204 0
2021-12-15 22:52:45,180:INFO:127.0.0.1 - - [15/Dec/2021 22:52:45] "GET /index HTTP/1.1" 200 -
2021-12-15 22:52:45,211:INFO:127.0.0.1 - - [15/Dec/2021 22:52:45] "[36mGET /static/images/covidPic.jpg HTTP/1.1[0m" 304 -
2021-12-15 22:53:45,251:DEBUG:Starting new HTTPS connection (1): api.coronavirus.data.gov.uk:443
2021-12-15 22:53:45,393:DEBUG:https://api.coronavirus.data.gov.uk:443 "GET /v1/data?filters=areaType%3DNation%3BareaName%3DEngland&structure=%7B%22areaCode%22%3A%22areaCode%22%2C%22areaName%22%3A%22areaName%22%2C%22date%22%3A%22date%22%2C%22newCasesBySpecimenDate%22%3A%22newCasesBySpecimenDate%22%2C%22hospitalCases%22%3A%22hospitalCases%22%2C%22cumDailyNsoDeathsByDeathDate%22%3A%22cumDailyNsoDeathsByDeathDate%22%7D&format=json&page=1 HTTP/1.1" 200 None
2021-12-15 22:53:45,408:DEBUG:Starting new HTTPS connection (1): api.coronavirus.data.gov.uk:443
2021-12-15 22:53:45,520:DEBUG:https://api.coronavirus.data.gov.uk:443 "GET /v1/data?filters=areaType%3DNation%3BareaName%3DEngland&structure=%7B%22areaCode%22%3A%22areaCode%22%2C%22areaName%22%3A%22areaName%22%2C%22date%22%3A%22date%22%2C%22newCasesBySpecimenDate%22%3A%22newCasesBySpecimenDate%22%2C%22hospitalCases%22%3A%22hospitalCases%22%2C%22cumDailyNsoDeathsByDeathDate%22%3A%22cumDailyNsoDeathsByDeathDate%22%7D&format=json&page=2 HTTP/1.1" 204 0
2021-12-15 22:53:45,528:DEBUG:Starting new HTTPS connection (1): api.coronavirus.data.gov.uk:443
2021-12-15 22:53:45,634:DEBUG:https://api.coronavirus.data.gov.uk:443 "GET /v1/data?filters=areaType%3Dltla%3BareaName%3DExeter&structure=%7B%22areaCode%22%3A%22areaCode%22%2C%22areaName%22%3A%22areaName%22%2C%22date%22%3A%22date%22%2C%22newCasesBySpecimenDate%22%3A%22newCasesBySpecimenDate%22%2C%22hospitalCases%22%3A%22hospitalCases%22%2C%22cumDailyNsoDeathsByDeathDate%22%3A%22cumDailyNsoDeathsByDeathDate%22%7D&format=json&page=1 HTTP/1.1" 200 None
2021-12-15 22:53:45,644:DEBUG:Starting new HTTPS connection (1): api.coronavirus.data.gov.uk:443
2021-12-15 22:53:45,748:DEBUG:https://api.coronavirus.data.gov.uk:443 "GET /v1/data?filters=areaType%3Dltla%3BareaName%3DExeter&structure=%7B%22areaCode%22%3A%22areaCode%22%2C%22areaName%22%3A%22areaName%22%2C%22date%22%3A%22date%22%2C%22newCasesBySpecimenDate%22%3A%22newCasesBySpecimenDate%22%2C%22hospitalCases%22%3A%22hospitalCases%22%2C%22cumDailyNsoDeathsByDeathDate%22%3A%22cumDailyNsoDeathsByDeathDate%22%7D&format=json&page=2 HTTP/1.1" 204 0
2021-12-15 22:53:45,751:INFO:127.0.0.1 - - [15/Dec/2021 22:53:45] "GET /index HTTP/1.1" 200 -
2021-12-15 22:53:45,780:INFO:127.0.0.1 - - [15/Dec/2021 22:53:45] "[36mGET /static/images/covidPic.jpg HTTP/1.1[0m" 304 -
2021-12-15 22:54:45,827:DEBUG:Starting new HTTPS connection (1): api.coronavirus.data.gov.uk:443
2021-12-15 22:54:45,973:DEBUG:https://api.coronavirus.data.gov.uk:443 "GET /v1/data?filters=areaType%3DNation%3BareaName%3DEngland&structure=%7B%22areaCode%22%3A%22areaCode%22%2C%22areaName%22%3A%22areaName%22%2C%22date%22%3A%22date%22%2C%22newCasesBySpecimenDate%22%3A%22newCasesBySpecimenDate%22%2C%22hospitalCases%22%3A%22hospitalCases%22%2C%22cumDailyNsoDeathsByDeathDate%22%3A%22cumDailyNsoDeathsByDeathDate%22%7D&format=json&page=1 HTTP/1.1" 200 None
2021-12-15 22:54:45,984:DEBUG:Starting new HTTPS connection (1): api.coronavirus.data.gov.uk:443
2021-12-15 22:54:46,199:DEBUG:https://api.coronavirus.data.gov.uk:443 "GET /v1/data?filters=areaType%3DNation%3BareaName%3DEngland&structure=%7B%22areaCode%22%3A%22areaCode%22%2C%22areaName%22%3A%22areaName%22%2C%22date%22%3A%22date%22%2C%22newCasesBySpecimenDate%22%3A%22newCasesBySpecimenDate%22%2C%22hospitalCases%22%3A%22hospitalCases%22%2C%22cumDailyNsoDeathsByDeathDate%22%3A%22cumDailyNsoDeathsByDeathDate%22%7D&format=json&page=2 HTTP/1.1" 204 0
2021-12-15 22:54:46,207:DEBUG:Starting new HTTPS connection (1): api.coronavirus.data.gov.uk:443
2021-12-15 22:54:46,325:DEBUG:https://api.coronavirus.data.gov.uk:443 "GET /v1/data?filters=areaType%3Dltla%3BareaName%3DExeter&structure=%7B%22areaCode%22%3A%22areaCode%22%2C%22areaName%22%3A%22areaName%22%2C%22date%22%3A%22date%22%2C%22newCasesBySpecimenDate%22%3A%22newCasesBySpecimenDate%22%2C%22hospitalCases%22%3A%22hospitalCases%22%2C%22cumDailyNsoDeathsByDeathDate%22%3A%22cumDailyNsoDeathsByDeathDate%22%7D&format=json&page=1 HTTP/1.1" 200 None
2021-12-15 22:54:46,337:DEBUG:Starting new HTTPS connection (1): api.coronavirus.data.gov.uk:443
2021-12-15 22:54:46,608:DEBUG:https://api.coronavirus.data.gov.uk:443 "GET /v1/data?filters=areaType%3Dltla%3BareaName%3DExeter&structure=%7B%22areaCode%22%3A%22areaCode%22%2C%22areaName%22%3A%22areaName%22%2C%22date%22%3A%22date%22%2C%22newCasesBySpecimenDate%22%3A%22newCasesBySpecimenDate%22%2C%22hospitalCases%22%3A%22hospitalCases%22%2C%22cumDailyNsoDeathsByDeathDate%22%3A%22cumDailyNsoDeathsByDeathDate%22%7D&format=json&page=2 HTTP/1.1" 204 0
2021-12-15 22:54:46,612:INFO:127.0.0.1 - - [15/Dec/2021 22:54:46] "GET /index HTTP/1.1" 200 -
2021-12-15 22:54:46,643:INFO:127.0.0.1 - - [15/Dec/2021 22:54:46] "[36mGET /static/images/covidPic.jpg HTTP/1.1[0m" 304 -
2021-12-15 22:58:32,188:DEBUG:Starting new HTTPS connection (1): api.coronavirus.data.gov.uk:443
2021-12-15 22:58:32,189:ERROR:Exception on /index [GET]
Traceback (most recent call last):
  File "C:\Users\rhian\OneDrive\Documents\Uni\EMC1400-Programming\YR1env\lib\site-packages\urllib3\connection.py", line 175, in _new_conn
    (self._dns_host, self.port), self.timeout, **extra_kw
  File "C:\Users\rhian\OneDrive\Documents\Uni\EMC1400-Programming\YR1env\lib\site-packages\urllib3\util\connection.py", line 73, in create_connection
    for res in socket.getaddrinfo(host, port, family, socket.SOCK_STREAM):
  File "C:\Users\rhian\AppData\Local\Programs\Python\Python37-32\lib\socket.py", line 748, in getaddrinfo
    for res in _socket.getaddrinfo(host, port, family, type, proto, flags):
socket.gaierror: [Errno 11001] getaddrinfo failed

During handling of the above exception, another exception occurred:

Traceback (most recent call last):
  File "C:\Users\rhian\OneDrive\Documents\Uni\EMC1400-Programming\YR1env\lib\site-packages\urllib3\connectionpool.py", line 706, in urlopen
    chunked=chunked,
  File "C:\Users\rhian\OneDrive\Documents\Uni\EMC1400-Programming\YR1env\lib\site-packages\urllib3\connectionpool.py", line 382, in _make_request
    self._validate_conn(conn)
  File "C:\Users\rhian\OneDrive\Documents\Uni\EMC1400-Programming\YR1env\lib\site-packages\urllib3\connectionpool.py", line 1010, in _validate_conn
    conn.connect()
  File "C:\Users\rhian\OneDrive\Documents\Uni\EMC1400-Programming\YR1env\lib\site-packages\urllib3\connection.py", line 358, in connect
    conn = self._new_conn()
  File "C:\Users\rhian\OneDrive\Documents\Uni\EMC1400-Programming\YR1env\lib\site-packages\urllib3\connection.py", line 187, in _new_conn
    self, "Failed to establish a new connection: %s" % e
urllib3.exceptions.NewConnectionError: <urllib3.connection.HTTPSConnection object at 0x04003050>: Failed to establish a new connection: [Errno 11001] getaddrinfo failed

During handling of the above exception, another exception occurred:

Traceback (most recent call last):
  File "C:\Users\rhian\OneDrive\Documents\Uni\EMC1400-Programming\YR1env\lib\site-packages\requests\adapters.py", line 449, in send
    timeout=timeout
  File "C:\Users\rhian\OneDrive\Documents\Uni\EMC1400-Programming\YR1env\lib\site-packages\urllib3\connectionpool.py", line 756, in urlopen
    method, url, error=e, _pool=self, _stacktrace=sys.exc_info()[2]
  File "C:\Users\rhian\OneDrive\Documents\Uni\EMC1400-Programming\YR1env\lib\site-packages\urllib3\util\retry.py", line 574, in increment
    raise MaxRetryError(_pool, url, error or ResponseError(cause))
urllib3.exceptions.MaxRetryError: HTTPSConnectionPool(host='api.coronavirus.data.gov.uk', port=443): Max retries exceeded with url: /v1/data?filters=areaType%3DNation%3BareaName%3DEngland&structure=%7B%22areaCode%22%3A%22areaCode%22%2C%22areaName%22%3A%22areaName%22%2C%22date%22%3A%22date%22%2C%22newCasesBySpecimenDate%22%3A%22newCasesBySpecimenDate%22%2C%22hospitalCases%22%3A%22hospitalCases%22%2C%22cumDailyNsoDeathsByDeathDate%22%3A%22cumDailyNsoDeathsByDeathDate%22%7D&format=json&page=1 (Caused by NewConnectionError('<urllib3.connection.HTTPSConnection object at 0x04003050>: Failed to establish a new connection: [Errno 11001] getaddrinfo failed'))

During handling of the above exception, another exception occurred:

Traceback (most recent call last):
  File "C:\Users\rhian\OneDrive\Documents\Uni\EMC1400-Programming\YR1env\lib\site-packages\flask\app.py", line 2073, in wsgi_app
    response = self.full_dispatch_request()
  File "C:\Users\rhian\OneDrive\Documents\Uni\EMC1400-Programming\YR1env\lib\site-packages\flask\app.py", line 1518, in full_dispatch_request
    rv = self.handle_user_exception(e)
  File "C:\Users\rhian\OneDrive\Documents\Uni\EMC1400-Programming\YR1env\lib\site-packages\flask\app.py", line 1516, in full_dispatch_request
    rv = self.dispatch_request()
  File "C:\Users\rhian\OneDrive\Documents\Uni\EMC1400-Programming\YR1env\lib\site-packages\flask\app.py", line 1502, in dispatch_request
    return self.ensure_sync(self.view_functions[rule.endpoint])(**req.view_args)
  File "C:/Users/rhian/OneDrive/Documents/Uni/EMC1400-Programming/Coursework/pythonProgramming/flask_server_side.py", line 35, in dashboard
    @app.route('/index', methods=['GET','POST'])
  File "C:\Users\rhian\OneDrive\Documents\Uni\EMC1400-Programming\Coursework\pythonProgramming\covid_data_handler.py", line 101, in covid_API_request
    data = api.get_json()
  File "C:\Users\rhian\OneDrive\Documents\Uni\EMC1400-Programming\YR1env\lib\site-packages\uk_covid19\api_interface.py", line 367, in get_json
    for response in self._get(DataFormat.JSON):
  File "C:\Users\rhian\OneDrive\Documents\Uni\EMC1400-Programming\YR1env\lib\site-packages\uk_covid19\api_interface.py", line 306, in _get
    verify=certifi.where()) as response:
  File "C:\Users\rhian\OneDrive\Documents\Uni\EMC1400-Programming\YR1env\lib\site-packages\requests\api.py", line 61, in request
    return session.request(method=method, url=url, **kwargs)
  File "C:\Users\rhian\OneDrive\Documents\Uni\EMC1400-Programming\YR1env\lib\site-packages\requests\sessions.py", line 542, in request
    resp = self.send(prep, **send_kwargs)
  File "C:\Users\rhian\OneDrive\Documents\Uni\EMC1400-Programming\YR1env\lib\site-packages\requests\sessions.py", line 655, in send
    r = adapter.send(request, **kwargs)
  File "C:\Users\rhian\OneDrive\Documents\Uni\EMC1400-Programming\YR1env\lib\site-packages\requests\adapters.py", line 516, in send
    raise ConnectionError(e, request=request)
requests.exceptions.ConnectionError: HTTPSConnectionPool(host='api.coronavirus.data.gov.uk', port=443): Max retries exceeded with url: /v1/data?filters=areaType%3DNation%3BareaName%3DEngland&structure=%7B%22areaCode%22%3A%22areaCode%22%2C%22areaName%22%3A%22areaName%22%2C%22date%22%3A%22date%22%2C%22newCasesBySpecimenDate%22%3A%22newCasesBySpecimenDate%22%2C%22hospitalCases%22%3A%22hospitalCases%22%2C%22cumDailyNsoDeathsByDeathDate%22%3A%22cumDailyNsoDeathsByDeathDate%22%7D&format=json&page=1 (Caused by NewConnectionError('<urllib3.connection.HTTPSConnection object at 0x04003050>: Failed to establish a new connection: [Errno 11001] getaddrinfo failed'))
2021-12-15 22:58:32,239:INFO:127.0.0.1 - - [15/Dec/2021 22:58:32] "[35m[1mGET /index HTTP/1.1[0m" 500 -
